"../../../Engine/Content/EditorResources/S_Actor.ubulk" 0
"../../../Engine/Content/EditorResources/S_Actor.uasset" 1
"../../../Engine/Content/EditorResources/S_Actor.uexp" 2
"../../../Engine/Content/EditorResources/S_BoxReflectionCapture.uasset" 3
"../../../Engine/Content/EditorResources/S_BoxReflectionCapture.uexp" 4
"../../../Engine/Content/EngineResources/DefaultTexture.ubulk" 5
"../../../Engine/Content/EngineResources/DefaultTexture.uasset" 6
"../../../Engine/Content/EngineResources/DefaultTexture.uexp" 7
"../../../Engine/Content/EngineResources/DefaultTextureCube.uasset" 8
"../../../Engine/Content/EngineResources/DefaultTextureCube.uexp" 9
"../../../Engine/Content/EngineResources/DefaultVolumeTexture2D.uasset" 10
"../../../Engine/Content/EngineResources/DefaultVolumeTexture2D.uexp" 11
"../../../Engine/Content/EngineResources/DefaultVolumeTexture.uasset" 12
"../../../Engine/Content/EngineResources/DefaultVolumeTexture.uexp" 13
"../../../Engine/Content/EditorResources/S_Trigger.ubulk" 14
"../../../Engine/Content/EditorResources/S_Trigger.uasset" 15
"../../../Engine/Content/EditorResources/S_Trigger.uexp" 16
"../../../Engine/Content/EditorResources/S_TriggerBox.uasset" 17
"../../../Engine/Content/EditorResources/S_TriggerBox.uexp" 18
"../../../Engine/Content/EditorResources/S_TriggerCapsule.uasset" 19
"../../../Engine/Content/EditorResources/S_TriggerCapsule.uexp" 20
"../../../Engine/Content/EditorResources/S_TriggerSphere.uasset" 21
"../../../Engine/Content/EditorResources/S_TriggerSphere.uexp" 22
"../../../Engine/Content/EngineMeshes/Sphere.ubulk" 23
"../../../Engine/Content/EngineMeshes/Sphere.uasset" 24
"../../../Engine/Content/EngineMeshes/Sphere.uexp" 25
"../../../Engine/Content/EngineResources/GradientTexture0.uasset" 26
"../../../Engine/Content/EngineResources/GradientTexture0.uexp" 27
"../../../Engine/Content/EngineResources/Black.uasset" 28
"../../../Engine/Content/EngineResources/Black.uexp" 29
"../../../Engine/Content/VREditor/LaserPointer/VR_LaserPower_01.ubulk" 30
"../../../Engine/Content/VREditor/LaserPointer/VR_LaserPower_01.uasset" 31
"../../../Engine/Content/VREditor/LaserPointer/VR_LaserPower_01.uexp" 32
"../../../Engine/Content/VREditor/TransformGizmo/TransformGizmoMaterial.uasset" 33
"../../../Engine/Content/VREditor/TransformGizmo/TransformGizmoMaterial.uexp" 34
"../../../Engine/Content/VREditor/TransformGizmo/TranslucentTransformGizmoMaterial.uasset" 35
"../../../Engine/Content/VREditor/TransformGizmo/TranslucentTransformGizmoMaterial.uexp" 36
"../../../Engine/Content/VREditor/TransformGizmo/BoundingBoxCorner.ubulk" 37
"../../../Engine/Content/VREditor/TransformGizmo/BoundingBoxCorner.uasset" 38
"../../../Engine/Content/VREditor/TransformGizmo/BoundingBoxCorner.uexp" 39
"../../../Engine/Content/VREditor/TransformGizmo/BoundingBoxEdge.ubulk" 40
"../../../Engine/Content/VREditor/TransformGizmo/BoundingBoxEdge.uasset" 41
"../../../Engine/Content/VREditor/TransformGizmo/BoundingBoxEdge.uexp" 42
"../../../Engine/Content/VREditor/TransformGizmo/Main.uasset" 43
"../../../Engine/Content/VREditor/TransformGizmo/Main.uexp" 44
"../../../Engine/Content/VREditor/TransformGizmo/Xray.uasset" 45
"../../../Engine/Content/VREditor/TransformGizmo/Xray.uexp" 46
"../../../Engine/Content/VREditor/TransformGizmo/SM_Sequencer_Node.ubulk" 47
"../../../Engine/Content/VREditor/TransformGizmo/SM_Sequencer_Node.uasset" 48
"../../../Engine/Content/VREditor/TransformGizmo/SM_Sequencer_Node.uexp" 49
"../../../Engine/Content/EditorResources/S_Solver.ubulk" 50
"../../../Engine/Content/EditorResources/S_Solver.uasset" 51
"../../../Engine/Content/EditorResources/S_Solver.uexp" 52
"../../../Engine/Content/EditorMaterials/Camera/CineMat.uasset" 53
"../../../Engine/Content/EditorMaterials/Camera/CineMat.uexp" 54
"../../../Engine/Content/EditorMaterials/Camera/MI_CineMat_Rig.uasset" 55
"../../../Engine/Content/EditorMaterials/Camera/MI_CineMat_Rig.uexp" 56
"../../../Engine/Content/EditorMeshes/Camera/SM_CraneRig_Base.ubulk" 57
"../../../Engine/Content/EditorMeshes/Camera/SM_CraneRig_Base.uasset" 58
"../../../Engine/Content/EditorMeshes/Camera/SM_CraneRig_Base.uexp" 59
"../../../Engine/Content/EditorMeshes/Camera/SM_CraneRig_Arm.ubulk" 60
"../../../Engine/Content/EditorMeshes/Camera/SM_CraneRig_Arm.uasset" 61
"../../../Engine/Content/EditorMeshes/Camera/SM_CraneRig_Arm.uexp" 62
"../../../Engine/Content/EditorMeshes/Camera/SM_CraneRig_Mount.ubulk" 63
"../../../Engine/Content/EditorMeshes/Camera/SM_CraneRig_Mount.uasset" 64
"../../../Engine/Content/EditorMeshes/Camera/SM_CraneRig_Mount.uexp" 65
"../../../Engine/Content/EditorMeshes/Camera/SM_CraneRig_Body.ubulk" 66
"../../../Engine/Content/EditorMeshes/Camera/SM_CraneRig_Body.uasset" 67
"../../../Engine/Content/EditorMeshes/Camera/SM_CraneRig_Body.uexp" 68
"../../../Engine/Content/EditorMeshes/Camera/SM_RailRig_Track.ubulk" 69
"../../../Engine/Content/EditorMeshes/Camera/SM_RailRig_Track.uasset" 70
"../../../Engine/Content/EditorMeshes/Camera/SM_RailRig_Track.uexp" 71
"../../../Engine/Content/EditorMeshes/Camera/SM_RailRig_Mount.ubulk" 72
"../../../Engine/Content/EditorMeshes/Camera/SM_RailRig_Mount.uasset" 73
"../../../Engine/Content/EditorMeshes/Camera/SM_RailRig_Mount.uexp" 74
"../../../Engine/Content/EngineMaterials/T_Default_Material_Grid_M.ubulk" 75
"../../../Engine/Content/EngineMaterials/T_Default_Material_Grid_M.uasset" 76
"../../../Engine/Content/EngineMaterials/T_Default_Material_Grid_M.uexp" 77
"../../../Engine/Content/EngineMaterials/T_Default_Material_Grid_N.ubulk" 78
"../../../Engine/Content/EngineMaterials/T_Default_Material_Grid_N.uasset" 79
"../../../Engine/Content/EngineMaterials/T_Default_Material_Grid_N.uexp" 80
"../../../Engine/Content/Functions/Engine_MaterialFunctions01/Opacity/CameraDepthFade.uasset" 81
"../../../Engine/Content/Functions/Engine_MaterialFunctions01/Opacity/CameraDepthFade.uexp" 82
"../../../Engine/Content/EngineMaterials/WorldGridMaterial.uasset" 83
"../../../Engine/Content/EngineMaterials/WorldGridMaterial.uexp" 84
"../../../Engine/Content/ArtTools/RenderToTexture/Meshes/S_1_Unit_Plane.ubulk" 85
"../../../Engine/Content/ArtTools/RenderToTexture/Meshes/S_1_Unit_Plane.uasset" 86
"../../../Engine/Content/ArtTools/RenderToTexture/Meshes/S_1_Unit_Plane.uexp" 87
"../../../Engine/Content/EditorMaterials/ParticleSystems/PSysThumbnail_NoImage.ubulk" 88
"../../../Engine/Content/EditorMaterials/ParticleSystems/PSysThumbnail_NoImage.uasset" 89
"../../../Engine/Content/EditorMaterials/ParticleSystems/PSysThumbnail_NoImage.uexp" 90
"../../../Engine/Content/EditorMaterials/ParticleSystems/PSysThumbnail_OOD.ubulk" 91
"../../../Engine/Content/EditorMaterials/ParticleSystems/PSysThumbnail_OOD.uasset" 92
"../../../Engine/Content/EditorMaterials/ParticleSystems/PSysThumbnail_OOD.uexp" 93
"../../../Engine/Content/EditorLandscapeResources/SplineEditorMeshMat.uasset" 94
"../../../Engine/Content/EditorLandscapeResources/SplineEditorMeshMat.uexp" 95
"../../../Engine/Content/EditorLandscapeResources/SplineEditorMesh.ubulk" 96
"../../../Engine/Content/EditorLandscapeResources/SplineEditorMesh.uasset" 97
"../../../Engine/Content/EditorLandscapeResources/SplineEditorMesh.uexp" 98
"../../../Engine/Plugins/Media/MediaPlate/Content/SM_MediaPlateScreen.ubulk" 99
"../../../Engine/Plugins/Media/MediaPlate/Content/SM_MediaPlateScreen.uasset" 100
"../../../Engine/Plugins/Media/MediaPlate/Content/SM_MediaPlateScreen.uexp" 101
"../../../Engine/Content/EngineMaterials/DefaultBokeh.uasset" 102
"../../../Engine/Content/EngineMaterials/DefaultBokeh.uexp" 103
"../../../Engine/Content/EngineMaterials/MiniFont.uasset" 104
"../../../Engine/Content/EngineMaterials/MiniFont.uexp" 105
"../../../Engine/Content/EngineMaterials/WeightMapPlaceholderTexture.uasset" 106
"../../../Engine/Content/EngineMaterials/WeightMapPlaceholderTexture.uexp" 107
"../../../Engine/Content/EngineMaterials/WeightMapArrayPlaceholderTexture.uasset" 108
"../../../Engine/Content/EngineMaterials/WeightMapArrayPlaceholderTexture.uexp" 109
"../../../Engine/Content/EngineMaterials/DefaultWhiteGrid.ubulk" 110
"../../../Engine/Content/EngineMaterials/DefaultWhiteGrid.uasset" 111
"../../../Engine/Content/EngineMaterials/DefaultWhiteGrid.uexp" 112
"../../../Engine/Content/EngineMaterials/PreintegratedSkinBRDF.uasset" 113
"../../../Engine/Content/EngineMaterials/PreintegratedSkinBRDF.uexp" 114
"../../../HelloIT_projekt/Content/LevelPrototyping/Textures/T_GridChecker_A.ubulk" 115
"../../../HelloIT_projekt/Content/LevelPrototyping/Textures/T_GridChecker_A.uasset" 116
"../../../HelloIT_projekt/Content/LevelPrototyping/Textures/T_GridChecker_A.uexp" 117
"../../../Engine/Content/Functions/Engine_MaterialFunctions02/Utility/MakeFloat3.uasset" 118
"../../../Engine/Content/Functions/Engine_MaterialFunctions02/Utility/MakeFloat3.uexp" 119
"../../../Engine/Content/Functions/Engine_MaterialFunctions01/Gradient/LinearGradient.uasset" 120
"../../../Engine/Content/Functions/Engine_MaterialFunctions01/Gradient/LinearGradient.uexp" 121
"../../../Engine/Content/Functions/Engine_MaterialFunctions01/ImageAdjustment/CheapContrast.uasset" 122
"../../../Engine/Content/Functions/Engine_MaterialFunctions01/ImageAdjustment/CheapContrast.uexp" 123
"../../../Engine/Content/Functions/Engine_MaterialFunctions02/Utility/BreakOutFloat3Components.uasset" 124
"../../../Engine/Content/Functions/Engine_MaterialFunctions02/Utility/BreakOutFloat3Components.uexp" 125
"../../../HelloIT_projekt/Content/LevelPrototyping/Materials/MF_ProcGrid.uasset" 126
"../../../HelloIT_projekt/Content/LevelPrototyping/Materials/MF_ProcGrid.uexp" 127
"../../../HelloIT_projekt/Content/LevelPrototyping/Materials/M_PrototypeGrid.uasset" 128
"../../../HelloIT_projekt/Content/LevelPrototyping/Materials/M_PrototypeGrid.uexp" 129
"../../../HelloIT_projekt/Content/LevelPrototyping/Materials/MI_PrototypeGrid_Gray.uasset" 130
"../../../HelloIT_projekt/Content/LevelPrototyping/Materials/MI_PrototypeGrid_Gray.uexp" 131
"../../../HelloIT_projekt/Content/LevelPrototyping/Meshes/SM_Ramp.ubulk" 132
"../../../HelloIT_projekt/Content/LevelPrototyping/Meshes/SM_Ramp.uasset" 133
"../../../HelloIT_projekt/Content/LevelPrototyping/Meshes/SM_Ramp.uexp" 134
"../../../HelloIT_projekt/Content/LevelPrototyping/Meshes/SM_QuarterCylinder.ubulk" 135
"../../../HelloIT_projekt/Content/LevelPrototyping/Meshes/SM_QuarterCylinder.uasset" 136
"../../../HelloIT_projekt/Content/LevelPrototyping/Meshes/SM_QuarterCylinder.uexp" 137
"../../../HelloIT_projekt/Content/LevelPrototyping/Meshes/SM_Cylinder.ubulk" 138
"../../../HelloIT_projekt/Content/LevelPrototyping/Meshes/SM_Cylinder.uasset" 139
"../../../HelloIT_projekt/Content/LevelPrototyping/Meshes/SM_Cylinder.uexp" 140
"../../../HelloIT_projekt/Content/LevelPrototyping/Materials/M_Solid.uasset" 141
"../../../HelloIT_projekt/Content/LevelPrototyping/Materials/M_Solid.uexp" 142
"../../../HelloIT_projekt/Content/LevelPrototyping/Materials/MI_Solid_Blue.uasset" 143
"../../../HelloIT_projekt/Content/LevelPrototyping/Materials/MI_Solid_Blue.uexp" 144
"../../../HelloIT_projekt/Content/LevelPrototyping/Meshes/SM_ChamferCube.ubulk" 145
"../../../HelloIT_projekt/Content/LevelPrototyping/Meshes/SM_ChamferCube.uasset" 146
"../../../HelloIT_projekt/Content/LevelPrototyping/Meshes/SM_ChamferCube.uexp" 147
"../../../HelloIT_projekt/Content/LevelPrototyping/Materials/MI_PrototypeGrid_TopDark.uasset" 148
"../../../HelloIT_projekt/Content/LevelPrototyping/Materials/MI_PrototypeGrid_TopDark.uexp" 149
"../../../HelloIT_projekt/Content/LevelPrototyping/Materials/MI_PrototypeGrid_Gray_02.uasset" 150
"../../../HelloIT_projekt/Content/LevelPrototyping/Materials/MI_PrototypeGrid_Gray_02.uexp" 151
"../../../HelloIT_projekt/Content/FirstPerson/Maps/FirstPersonMap_BuiltData.ubulk" 152
"../../../HelloIT_projekt/Content/FirstPerson/Maps/FirstPersonMap_BuiltData.uasset" 153
"../../../HelloIT_projekt/Content/FirstPerson/Maps/FirstPersonMap_BuiltData.uexp" 154
"../../../Engine/Content/MobileResources/HUD/VirtualJoystick_Background.uasset" 155
"../../../Engine/Content/MobileResources/HUD/VirtualJoystick_Background.uexp" 156
"../../../Engine/Content/MobileResources/HUD/VirtualJoystick_Thumb.uasset" 157
"../../../Engine/Content/MobileResources/HUD/VirtualJoystick_Thumb.uexp" 158
"../../../HelloIT_projekt/Content/FirstPerson/Input/MobileControls.uasset" 159
"../../../HelloIT_projekt/Content/FirstPerson/Input/MobileControls.uexp" 160
"../../../HelloIT_projekt/Content/FirstPerson/Input/Actions/IA_Shoot.uasset" 161
"../../../HelloIT_projekt/Content/FirstPerson/Input/Actions/IA_Shoot.uexp" 162
"../../../HelloIT_projekt/Content/FirstPerson/Input/IMC_Weapons.uasset" 163
"../../../HelloIT_projekt/Content/FirstPerson/Input/IMC_Weapons.uexp" 164
"../../../HelloIT_projekt/Content/FirstPerson/Blueprints/BP_FirstPersonProjectile.uasset" 165
"../../../HelloIT_projekt/Content/FirstPerson/Blueprints/BP_FirstPersonProjectile.uexp" 166
"../../../Engine/Content/Animation/DefaultAnimCurveCompressionSettings.uasset" 167
"../../../Engine/Content/Animation/DefaultAnimCurveCompressionSettings.uexp" 168
"../../../Engine/Content/Animation/DefaultAnimBoneCompressionSettings.uasset" 169
"../../../Engine/Content/Animation/DefaultAnimBoneCompressionSettings.uexp" 170
"../../../HelloIT_projekt/Content/FirstPersonArms/Character/Mesh/SK_Mannequin_Arms_Skeleton.uasset" 171
"../../../HelloIT_projekt/Content/FirstPersonArms/Character/Mesh/SK_Mannequin_Arms_Skeleton.uexp" 172
"../../../HelloIT_projekt/Content/FirstPersonArms/Animations/FP_Rifle_Fire.uasset" 173
"../../../HelloIT_projekt/Content/FirstPersonArms/Animations/FP_Rifle_Fire.uexp" 174
"../../../HelloIT_projekt/Content/FirstPersonArms/Animations/FP_Rifle_Shoot_Montage.uasset" 175
"../../../HelloIT_projekt/Content/FirstPersonArms/Animations/FP_Rifle_Shoot_Montage.uexp" 176
"../../../HelloIT_projekt/Content/FirstPersonArms/Animations/FP_Rifle_Idle.uasset" 177
"../../../HelloIT_projekt/Content/FirstPersonArms/Animations/FP_Rifle_Idle.uexp" 178
"../../../HelloIT_projekt/Content/FirstPersonArms/Animations/FP_Rifle_Land.uasset" 179
"../../../HelloIT_projekt/Content/FirstPersonArms/Animations/FP_Rifle_Land.uexp" 180
"../../../HelloIT_projekt/Content/FirstPersonArms/Animations/FP_Rifle_Run.uasset" 181
"../../../HelloIT_projekt/Content/FirstPersonArms/Animations/FP_Rifle_Run.uexp" 182
"../../../HelloIT_projekt/Content/FirstPersonArms/Animations/FP_Rifle_Falling.uasset" 183
"../../../HelloIT_projekt/Content/FirstPersonArms/Animations/FP_Rifle_Falling.uexp" 184
"../../../Engine/Content/Animation/DefaultRecorderBoneCompression.uasset" 185
"../../../Engine/Content/Animation/DefaultRecorderBoneCompression.uexp" 186
"../../../HelloIT_projekt/Content/FirstPersonArms/Animations/FP_Idle.uasset" 187
"../../../HelloIT_projekt/Content/FirstPersonArms/Animations/FP_Idle.uexp" 188
"../../../HelloIT_projekt/Content/FirstPersonArms/Animations/FP_Jump.uasset" 189
"../../../HelloIT_projekt/Content/FirstPersonArms/Animations/FP_Jump.uexp" 190
"../../../HelloIT_projekt/Content/FirstPersonArms/Animations/FP_Run_Fwd.uasset" 191
"../../../HelloIT_projekt/Content/FirstPersonArms/Animations/FP_Run_Fwd.uexp" 192
"../../../HelloIT_projekt/Content/FirstPersonArms/Animations/FP_Land.uasset" 193
"../../../HelloIT_projekt/Content/FirstPersonArms/Animations/FP_Land.uexp" 194
"../../../HelloIT_projekt/Content/FirstPersonArms/Animations/FP_Falling.uasset" 195
"../../../HelloIT_projekt/Content/FirstPersonArms/Animations/FP_Falling.uexp" 196
"../../../Engine/Content/Animation/DefaultVariableFrameStrippingSettings.uasset" 197
"../../../Engine/Content/Animation/DefaultVariableFrameStrippingSettings.uexp" 198
"../../../HelloIT_projekt/Content/FirstPersonArms/Animations/FP_Rifle_Jump.uasset" 199
"../../../HelloIT_projekt/Content/FirstPersonArms/Animations/FP_Rifle_Jump.uexp" 200
"../../../HelloIT_projekt/Content/FirstPerson/Input/Actions/IA_Look.uasset" 201
"../../../HelloIT_projekt/Content/FirstPerson/Input/Actions/IA_Look.uexp" 202
"../../../HelloIT_projekt/Content/FirstPersonArms/Character/Textures/Manny/T_Manny_02_N.ubulk" 203
"../../../HelloIT_projekt/Content/FirstPersonArms/Character/Textures/Manny/T_Manny_02_N.uasset" 204
"../../../HelloIT_projekt/Content/FirstPersonArms/Character/Textures/Manny/T_Manny_02_N.uexp" 205
"../../../HelloIT_projekt/Content/FirstPersonArms/Character/Textures/Manny/T_Manny_02_BN.ubulk" 206
"../../../HelloIT_projekt/Content/FirstPersonArms/Character/Textures/Manny/T_Manny_02_BN.uasset" 207
"../../../HelloIT_projekt/Content/FirstPersonArms/Character/Textures/Manny/T_Manny_02_BN.uexp" 208
"../../../HelloIT_projekt/Content/FirstPersonArms/Character/Textures/Manny/T_Manny_02_ASAOPMASK_MSK.ubulk" 209
"../../../HelloIT_projekt/Content/FirstPersonArms/Character/Textures/Manny/T_Manny_02_ASAOPMASK_MSK.uasset" 210
"../../../HelloIT_projekt/Content/FirstPersonArms/Character/Textures/Manny/T_Manny_02_ASAOPMASK_MSK.uexp" 211
"../../../HelloIT_projekt/Content/FirstPersonArms/Character/Textures/Manny/T_Manny_01_ASAOPMASK_MSK.ubulk" 212
"../../../HelloIT_projekt/Content/FirstPersonArms/Character/Textures/Manny/T_Manny_01_ASAOPMASK_MSK.uasset" 213
"../../../HelloIT_projekt/Content/FirstPersonArms/Character/Textures/Manny/T_Manny_01_ASAOPMASK_MSK.uexp" 214
"../../../HelloIT_projekt/Content/FirstPersonArms/Character/Textures/Manny/T_Manny_01_CCRCCPlastic_MSK.ubulk" 215
"../../../HelloIT_projekt/Content/FirstPersonArms/Character/Textures/Manny/T_Manny_01_CCRCCPlastic_MSK.uasset" 216
"../../../HelloIT_projekt/Content/FirstPersonArms/Character/Textures/Manny/T_Manny_01_CCRCCPlastic_MSK.uexp" 217
"../../../HelloIT_projekt/Content/FirstPersonArms/Character/Textures/Manny/T_Manny_01_Tan.ubulk" 218
"../../../HelloIT_projekt/Content/FirstPersonArms/Character/Textures/Manny/T_Manny_01_Tan.uasset" 219
"../../../HelloIT_projekt/Content/FirstPersonArms/Character/Textures/Manny/T_Manny_01_Tan.uexp" 220
"../../../HelloIT_projekt/Content/FirstPersonArms/Character/Textures/Manny/T_Manny_01_BN.ubulk" 221
"../../../HelloIT_projekt/Content/FirstPersonArms/Character/Textures/Manny/T_Manny_01_BN.uasset" 222
"../../../HelloIT_projekt/Content/FirstPersonArms/Character/Textures/Manny/T_Manny_01_BN.uexp" 223
"../../../HelloIT_projekt/Content/FirstPersonArms/Character/Textures/Manny/T_Manny_01_MSR_MSK.ubulk" 224
"../../../HelloIT_projekt/Content/FirstPersonArms/Character/Textures/Manny/T_Manny_01_MSR_MSK.uasset" 225
"../../../HelloIT_projekt/Content/FirstPersonArms/Character/Textures/Manny/T_Manny_01_MSR_MSK.uexp" 226
"../../../HelloIT_projekt/Content/FirstPersonArms/Character/Textures/Manny/T_Manny_01_N.ubulk" 227
"../../../HelloIT_projekt/Content/FirstPersonArms/Character/Textures/Manny/T_Manny_01_N.uasset" 228
"../../../HelloIT_projekt/Content/FirstPersonArms/Character/Textures/Manny/T_Manny_01_N.uexp" 229
"../../../HelloIT_projekt/Content/FirstPersonArms/Character/Textures/Manny/T_Manny_01_D.ubulk" 230
"../../../HelloIT_projekt/Content/FirstPersonArms/Character/Textures/Manny/T_Manny_01_D.uasset" 231
"../../../HelloIT_projekt/Content/FirstPersonArms/Character/Textures/Manny/T_Manny_01_D.uexp" 232
"../../../HelloIT_projekt/Content/FirstPersonArms/Character/Materials/Functions/ChromaticCurve.uasset" 233
"../../../HelloIT_projekt/Content/FirstPersonArms/Character/Materials/Functions/ChromaticCurve.uexp" 234
"../../../HelloIT_projekt/Content/FirstPersonArms/Character/Materials/Functions/CA_Mannequin.uasset" 235
"../../../HelloIT_projekt/Content/FirstPersonArms/Character/Materials/Functions/CA_Mannequin.uexp" 236
"../../../HelloIT_projekt/Content/FirstPersonArms/Character/Materials/Functions/MF_Diffraction.uasset" 237
"../../../HelloIT_projekt/Content/FirstPersonArms/Character/Materials/Functions/MF_Diffraction.uexp" 238
"../../../Engine/Content/Functions/Engine_MaterialFunctions02/Utility/BreakOutFloat2Components.uasset" 239
"../../../Engine/Content/Functions/Engine_MaterialFunctions02/Utility/BreakOutFloat2Components.uexp" 240
"../../../Engine/Content/Functions/Engine_MaterialFunctions01/Texturing/ScaleUVsByCenter.uasset" 241
"../../../Engine/Content/Functions/Engine_MaterialFunctions01/Texturing/ScaleUVsByCenter.uexp" 242
"../../../HelloIT_projekt/Content/FirstPersonArms/Character/Textures/Shared/T_UE_Logo_M.uasset" 243
"../../../HelloIT_projekt/Content/FirstPersonArms/Character/Textures/Shared/T_UE_Logo_M.uexp" 244
"../../../HelloIT_projekt/Content/FirstPersonArms/Character/Materials/Functions/MF_logo3layers.uasset" 245
"../../../HelloIT_projekt/Content/FirstPersonArms/Character/Materials/Functions/MF_logo3layers.uexp" 246
"../../../HelloIT_projekt/Content/FirstPersonArms/Character/Materials/Functions/ML_BaseColorFallOff.uasset" 247
"../../../HelloIT_projekt/Content/FirstPersonArms/Character/Materials/Functions/ML_BaseColorFallOff.uexp" 248
"../../../HelloIT_projekt/Content/FirstPersonArms/Character/Materials/M_Mannequin.uasset" 249
"../../../HelloIT_projekt/Content/FirstPersonArms/Character/Materials/M_Mannequin.uexp" 250
"../../../HelloIT_projekt/Content/FirstPersonArms/Character/Materials/Instances/Manny/MI_Manny_01.uasset" 251
"../../../HelloIT_projekt/Content/FirstPersonArms/Character/Materials/Instances/Manny/MI_Manny_01.uexp" 252
"../../../HelloIT_projekt/Content/FirstPersonArms/Character/Textures/Manny/T_Manny_02_CCRCCPlastic_MSK.ubulk" 253
"../../../HelloIT_projekt/Content/FirstPersonArms/Character/Textures/Manny/T_Manny_02_CCRCCPlastic_MSK.uasset" 254
"../../../HelloIT_projekt/Content/FirstPersonArms/Character/Textures/Manny/T_Manny_02_CCRCCPlastic_MSK.uexp" 255
"../../../HelloIT_projekt/Content/FirstPersonArms/Character/Textures/Manny/T_Manny_02_MSR_MSK.ubulk" 256
"../../../HelloIT_projekt/Content/FirstPersonArms/Character/Textures/Manny/T_Manny_02_MSR_MSK.uasset" 257
"../../../HelloIT_projekt/Content/FirstPersonArms/Character/Textures/Manny/T_Manny_02_MSR_MSK.uexp" 258
"../../../HelloIT_projekt/Content/FirstPersonArms/Character/Textures/Manny/T_Manny_02_D.ubulk" 259
"../../../HelloIT_projekt/Content/FirstPersonArms/Character/Textures/Manny/T_Manny_02_D.uasset" 260
"../../../HelloIT_projekt/Content/FirstPersonArms/Character/Textures/Manny/T_Manny_02_D.uexp" 261
"../../../HelloIT_projekt/Content/FirstPersonArms/Character/Textures/Manny/T_Manny_02_Tan.ubulk" 262
"../../../HelloIT_projekt/Content/FirstPersonArms/Character/Textures/Manny/T_Manny_02_Tan.uasset" 263
"../../../HelloIT_projekt/Content/FirstPersonArms/Character/Textures/Manny/T_Manny_02_Tan.uexp" 264
"../../../HelloIT_projekt/Content/FirstPersonArms/Character/Materials/Instances/Manny/MI_Manny_02.uasset" 265
"../../../HelloIT_projekt/Content/FirstPersonArms/Character/Materials/Instances/Manny/MI_Manny_02.uexp" 266
"../../../HelloIT_projekt/Content/FirstPersonArms/Character/Mesh/SK_Mannequin_Arms_PhysicsAsset.uasset" 267
"../../../HelloIT_projekt/Content/FirstPersonArms/Character/Mesh/SK_Mannequin_Arms_PhysicsAsset.uexp" 268
"../../../HelloIT_projekt/Content/FirstPersonArms/Character/Mesh/SK_Mannequin_Arms.uasset" 269
"../../../HelloIT_projekt/Content/FirstPersonArms/Character/Mesh/SK_Mannequin_Arms.uexp" 270
"../../../HelloIT_projekt/Content/FirstPerson/Input/Actions/IA_Move.uasset" 271
"../../../HelloIT_projekt/Content/FirstPerson/Input/Actions/IA_Move.uexp" 272
"../../../HelloIT_projekt/Content/FirstPerson/Input/Actions/IA_Jump.uasset" 273
"../../../HelloIT_projekt/Content/FirstPerson/Input/Actions/IA_Jump.uexp" 274
"../../../HelloIT_projekt/Content/FirstPerson/Blueprints/BP_FirstPersonCharacter.uasset" 275
"../../../HelloIT_projekt/Content/FirstPerson/Blueprints/BP_FirstPersonCharacter.uexp" 276
"../../../HelloIT_projekt/Content/FirstPersonArms/Animations/FirstPerson_AnimBP.uasset" 277
"../../../HelloIT_projekt/Content/FirstPersonArms/Animations/FirstPerson_AnimBP.uexp" 278
"../../../HelloIT_projekt/Content/FirstPerson/Blueprints/BP_Weapon_Component.uasset" 279
"../../../HelloIT_projekt/Content/FirstPerson/Blueprints/BP_Weapon_Component.uexp" 280
"../../../HelloIT_projekt/Content/FirstPerson/Blueprints/BP_Pickup_Rifle.uasset" 281
"../../../HelloIT_projekt/Content/FirstPerson/Blueprints/BP_Pickup_Rifle.uexp" 282
"../../../Engine/Plugins/Runtime/MeshModelingToolset/Content/Materials/M_DynamicMeshComponentVtxColor.uasset" 283
"../../../Engine/Plugins/Runtime/MeshModelingToolset/Content/Materials/M_DynamicMeshComponentVtxColor.uexp" 284
"../../../Engine/Plugins/Interchange/Runtime/Content/Pipelines/DefaultTexturePipeline.uasset" 285
"../../../Engine/Plugins/Interchange/Runtime/Content/Pipelines/DefaultTexturePipeline.uexp" 286
"../../../Engine/Plugins/Interchange/Runtime/Content/Pipelines/DefaultSceneLevelPipeline.uasset" 287
"../../../Engine/Plugins/Interchange/Runtime/Content/Pipelines/DefaultSceneLevelPipeline.uexp" 288
"../../../Engine/Plugins/Interchange/Runtime/Content/Pipelines/DefaultSceneAssetsPipeline.uasset" 289
"../../../Engine/Plugins/Interchange/Runtime/Content/Pipelines/DefaultSceneAssetsPipeline.uexp" 290
"../../../Engine/Plugins/Interchange/Runtime/Content/Pipelines/DefaultMaterialXPipeline.uasset" 291
"../../../Engine/Plugins/Interchange/Runtime/Content/Pipelines/DefaultMaterialXPipeline.uexp" 292
"../../../Engine/Plugins/Interchange/Runtime/Content/Pipelines/DefaultMaterialPipeline.uasset" 293
"../../../Engine/Plugins/Interchange/Runtime/Content/Pipelines/DefaultMaterialPipeline.uexp" 294
"../../../Engine/Plugins/Interchange/Runtime/Content/Pipelines/DefaultGLTFSceneAssetsPipeline.uasset" 295
"../../../Engine/Plugins/Interchange/Runtime/Content/Pipelines/DefaultGLTFSceneAssetsPipeline.uexp" 296
"../../../Engine/Plugins/Interchange/Runtime/Content/Pipelines/DefaultGLTFPipeline.uasset" 297
"../../../Engine/Plugins/Interchange/Runtime/Content/Pipelines/DefaultGLTFPipeline.uexp" 298
"../../../Engine/Plugins/Interchange/Runtime/Content/Pipelines/DefaultGLTFAssetsPipeline.uasset" 299
"../../../Engine/Plugins/Interchange/Runtime/Content/Pipelines/DefaultGLTFAssetsPipeline.uexp" 300
"../../../Engine/Plugins/Interchange/Runtime/Content/Pipelines/DefaultAssetsPipeline.uasset" 301
"../../../Engine/Plugins/Interchange/Runtime/Content/Pipelines/DefaultAssetsPipeline.uexp" 302
"../../../Engine/Plugins/Interchange/Runtime/Content/gltf/MaterialFunctions/MF_RotateV2.uasset" 303
"../../../Engine/Plugins/Interchange/Runtime/Content/gltf/MaterialFunctions/MF_RotateV2.uexp" 304
"../../../Engine/Plugins/Interchange/Runtime/Content/gltf/MaterialFunctions/MF_TransformUVs.uasset" 305
"../../../Engine/Plugins/Interchange/Runtime/Content/gltf/MaterialFunctions/MF_TransformUVs.uexp" 306
"../../../Engine/Plugins/Interchange/Runtime/Content/gltf/Textures/T_White_srgb.uasset" 307
"../../../Engine/Plugins/Interchange/Runtime/Content/gltf/Textures/T_White_srgb.uexp" 308
"../../../Engine/Plugins/Interchange/Runtime/Content/gltf/MaterialFunctions/MF_BaseColor.uasset" 309
"../../../Engine/Plugins/Interchange/Runtime/Content/gltf/MaterialFunctions/MF_BaseColor.uexp" 310
"../../../Engine/Plugins/Interchange/Runtime/Content/gltf/MaterialBodies/MF_Unlit_Body.uasset" 311
"../../../Engine/Plugins/Interchange/Runtime/Content/gltf/MaterialBodies/MF_Unlit_Body.uexp" 312
"../../../Engine/Plugins/Interchange/Runtime/Content/gltf/M_Unlit.uasset" 313
"../../../Engine/Plugins/Interchange/Runtime/Content/gltf/M_Unlit.uexp" 314
"../../../Engine/Plugins/Interchange/Runtime/Content/gltf/MaterialInstances/MI_Unlit_Opaque_DS.uasset" 315
"../../../Engine/Plugins/Interchange/Runtime/Content/gltf/MaterialInstances/MI_Unlit_Opaque_DS.uexp" 316
"../../../Engine/Plugins/Interchange/Runtime/Content/gltf/MaterialInstances/MI_Unlit_Opaque.uasset" 317
"../../../Engine/Plugins/Interchange/Runtime/Content/gltf/MaterialInstances/MI_Unlit_Opaque.uexp" 318
"../../../Engine/Plugins/Interchange/Runtime/Content/gltf/MaterialInstances/MI_Unlit_Mask_DS.uasset" 319
"../../../Engine/Plugins/Interchange/Runtime/Content/gltf/MaterialInstances/MI_Unlit_Mask_DS.uexp" 320
"../../../Engine/Plugins/Interchange/Runtime/Content/gltf/MaterialInstances/MI_Unlit_Mask.uasset" 321
"../../../Engine/Plugins/Interchange/Runtime/Content/gltf/MaterialInstances/MI_Unlit_Mask.uexp" 322
"../../../Engine/Plugins/Interchange/Runtime/Content/gltf/MaterialInstances/MI_Unlit_Blend_DS.uasset" 323
"../../../Engine/Plugins/Interchange/Runtime/Content/gltf/MaterialInstances/MI_Unlit_Blend_DS.uexp" 324
"../../../Engine/Plugins/Interchange/Runtime/Content/gltf/MaterialInstances/MI_Unlit_Blend.uasset" 325
"../../../Engine/Plugins/Interchange/Runtime/Content/gltf/MaterialInstances/MI_Unlit_Blend.uexp" 326
"../../../Engine/Content/Functions/Engine_MaterialFunctions02/Math/Transform3x3Matrix.uasset" 327
"../../../Engine/Content/Functions/Engine_MaterialFunctions02/Math/Transform3x3Matrix.uexp" 328
"../../../Engine/Content/Functions/Engine_MaterialFunctions02/Utility/CameraDirectionVector.uasset" 329
"../../../Engine/Content/Functions/Engine_MaterialFunctions02/Utility/CameraDirectionVector.uexp" 330
"../../../Engine/Plugins/Interchange/Runtime/Content/Utilities/New_LUT.uasset" 331
"../../../Engine/Plugins/Interchange/Runtime/Content/Utilities/New_LUT.uexp" 332
"../../../Engine/Content/Functions/Engine_MaterialFunctions03/Math/RemapValueRange.uasset" 333
"../../../Engine/Content/Functions/Engine_MaterialFunctions03/Math/RemapValueRange.uexp" 334
"../../../Engine/Plugins/Interchange/Runtime/Content/Functions/MF_Iridescence.uasset" 335
"../../../Engine/Plugins/Interchange/Runtime/Content/Functions/MF_Iridescence.uexp" 336
"../../../Engine/Plugins/Interchange/Runtime/Content/gltf/MaterialFunctions/MF_Iridescence.uasset" 337
"../../../Engine/Plugins/Interchange/Runtime/Content/gltf/MaterialFunctions/MF_Iridescence.uexp" 338
"../../../Engine/Plugins/Interchange/Runtime/Content/gltf/Textures/T_White_Linear.uasset" 339
"../../../Engine/Plugins/Interchange/Runtime/Content/gltf/Textures/T_White_Linear.uexp" 340
"../../../Engine/Plugins/Interchange/Runtime/Content/gltf/MaterialFunctions/MF_Transmission.uasset" 341
"../../../Engine/Plugins/Interchange/Runtime/Content/gltf/MaterialFunctions/MF_Transmission.uexp" 342
"../../../Engine/Plugins/Interchange/Runtime/Content/gltf/MaterialFunctions/MF_MetallicRoughness.uasset" 343
"../../../Engine/Plugins/Interchange/Runtime/Content/gltf/MaterialFunctions/MF_MetallicRoughness.uexp" 344
"../../../Engine/Plugins/Interchange/Runtime/Content/gltf/MaterialFunctions/MF_Occlusion.uasset" 345
"../../../Engine/Plugins/Interchange/Runtime/Content/gltf/MaterialFunctions/MF_Occlusion.uexp" 346
"../../../Engine/Content/EngineMaterials/Good64x64TilingNoiseHighFreq.uasset" 347
"../../../Engine/Content/EngineMaterials/Good64x64TilingNoiseHighFreq.uexp" 348
"../../../Engine/Content/Functions/Engine_MaterialFunctions02/Texturing/ScreenAlignedPixelToPixelUVs.uasset" 349
"../../../Engine/Content/Functions/Engine_MaterialFunctions02/Texturing/ScreenAlignedPixelToPixelUVs.uexp" 350
"../../../Engine/Plugins/Interchange/Runtime/Content/gltf/MaterialFunctions/MF_Temporal_Blur.uasset" 351
"../../../Engine/Plugins/Interchange/Runtime/Content/gltf/MaterialFunctions/MF_Temporal_Blur.uexp" 352
"../../../Engine/Plugins/Interchange/Runtime/Content/gltf/MaterialFunctions/MF_Specular.uasset" 353
"../../../Engine/Plugins/Interchange/Runtime/Content/gltf/MaterialFunctions/MF_Specular.uexp" 354
"../../../Engine/Plugins/Interchange/Runtime/Content/gltf/MaterialFunctions/MF_IOR.uasset" 355
"../../../Engine/Plugins/Interchange/Runtime/Content/gltf/MaterialFunctions/MF_IOR.uexp" 356
"../../../Engine/Plugins/Interchange/Runtime/Content/gltf/MaterialFunctions/MF_Fresnel_DS.uasset" 357
"../../../Engine/Plugins/Interchange/Runtime/Content/gltf/MaterialFunctions/MF_Fresnel_DS.uexp" 358
"../../../Engine/Plugins/Interchange/Runtime/Content/gltf/MaterialFunctions/MF_RotateNormals_TS.uasset" 359
"../../../Engine/Plugins/Interchange/Runtime/Content/gltf/MaterialFunctions/MF_RotateNormals_TS.uexp" 360
"../../../Engine/Plugins/Interchange/Runtime/Content/gltf/Textures/T_Generic_N.uasset" 361
"../../../Engine/Plugins/Interchange/Runtime/Content/gltf/Textures/T_Generic_N.uexp" 362
"../../../Engine/Plugins/Interchange/Runtime/Content/gltf/MaterialFunctions/MF_Normals.uasset" 363
"../../../Engine/Plugins/Interchange/Runtime/Content/gltf/MaterialFunctions/MF_Normals.uexp" 364
"../../../Engine/Plugins/Interchange/Runtime/Content/gltf/MaterialBodies/MF_Transmission_Body.uasset" 365
"../../../Engine/Plugins/Interchange/Runtime/Content/gltf/MaterialBodies/MF_Transmission_Body.uexp" 366
"../../../Engine/Plugins/Interchange/Runtime/Content/gltf/M_Transmission.uasset" 367
"../../../Engine/Plugins/Interchange/Runtime/Content/gltf/M_Transmission.uexp" 368
"../../../Engine/Plugins/Interchange/Runtime/Content/gltf/MaterialInstances/MI_Transmission_DS.uasset" 369
"../../../Engine/Plugins/Interchange/Runtime/Content/gltf/MaterialInstances/MI_Transmission_DS.uexp" 370
"../../../Engine/Plugins/Interchange/Runtime/Content/gltf/MaterialInstances/MI_Transmission.uasset" 371
"../../../Engine/Plugins/Interchange/Runtime/Content/gltf/MaterialInstances/MI_Transmission.uexp" 372
"../../../Engine/Plugins/Interchange/Runtime/Content/gltf/MaterialFunctions/MF_DiffuseSpecGloss.uasset" 373
"../../../Engine/Plugins/Interchange/Runtime/Content/gltf/MaterialFunctions/MF_DiffuseSpecGloss.uexp" 374
"../../../Engine/Content/Functions/Engine_MaterialFunctions02/Math/AddComponents.uasset" 375
"../../../Engine/Content/Functions/Engine_MaterialFunctions02/Math/AddComponents.uexp" 376
"../../../Engine/Plugins/Interchange/Runtime/Content/gltf/MaterialFunctions/MF_PerceivedBrightness.uasset" 377
"../../../Engine/Plugins/Interchange/Runtime/Content/gltf/MaterialFunctions/MF_PerceivedBrightness.uexp" 378
"../../../Engine/Plugins/Interchange/Runtime/Content/gltf/MaterialFunctions/MF_Emissive.uasset" 379
"../../../Engine/Plugins/Interchange/Runtime/Content/gltf/MaterialFunctions/MF_Emissive.uexp" 380
"../../../Engine/Plugins/Interchange/Runtime/Content/gltf/MaterialFunctions/MF_SpecGlossToMetalRoughness.uasset" 381
"../../../Engine/Plugins/Interchange/Runtime/Content/gltf/MaterialFunctions/MF_SpecGlossToMetalRoughness.uexp" 382
"../../../Engine/Plugins/Interchange/Runtime/Content/gltf/MaterialBodies/MF_SpecularGlossiness_Body.uasset" 383
"../../../Engine/Plugins/Interchange/Runtime/Content/gltf/MaterialBodies/MF_SpecularGlossiness_Body.uexp" 384
"../../../Engine/Plugins/Interchange/Runtime/Content/gltf/M_SpecularGlossiness.uasset" 385
"../../../Engine/Plugins/Interchange/Runtime/Content/gltf/M_SpecularGlossiness.uexp" 386
"../../../Engine/Plugins/Interchange/Runtime/Content/gltf/MaterialInstances/MI_SpecularGlossiness_Opaque_DS.uasset" 387
"../../../Engine/Plugins/Interchange/Runtime/Content/gltf/MaterialInstances/MI_SpecularGlossiness_Opaque_DS.uexp" 388
"../../../Engine/Plugins/Interchange/Runtime/Content/gltf/MaterialInstances/MI_SpecularGlossiness_Opaque.uasset" 389
"../../../Engine/Plugins/Interchange/Runtime/Content/gltf/MaterialInstances/MI_SpecularGlossiness_Opaque.uexp" 390
"../../../Engine/Plugins/Interchange/Runtime/Content/gltf/MaterialInstances/MI_SpecularGlossiness_Mask_DS.uasset" 391
"../../../Engine/Plugins/Interchange/Runtime/Content/gltf/MaterialInstances/MI_SpecularGlossiness_Mask_DS.uexp" 392
"../../../Engine/Plugins/Interchange/Runtime/Content/gltf/MaterialInstances/MI_SpecularGlossiness_Mask.uasset" 393
"../../../Engine/Plugins/Interchange/Runtime/Content/gltf/MaterialInstances/MI_SpecularGlossiness_Mask.uexp" 394
"../../../Engine/Plugins/Interchange/Runtime/Content/gltf/MaterialInstances/MI_SpecularGlossiness_Blend_DS.uasset" 395
"../../../Engine/Plugins/Interchange/Runtime/Content/gltf/MaterialInstances/MI_SpecularGlossiness_Blend_DS.uexp" 396
"../../../Engine/Plugins/Interchange/Runtime/Content/gltf/MaterialInstances/MI_SpecularGlossiness_Blend.uasset" 397
"../../../Engine/Plugins/Interchange/Runtime/Content/gltf/MaterialInstances/MI_SpecularGlossiness_Blend.uexp" 398
"../../../Engine/Plugins/Interchange/Runtime/Content/gltf/MaterialFunctions/MF_Sheen.uasset" 399
"../../../Engine/Plugins/Interchange/Runtime/Content/gltf/MaterialFunctions/MF_Sheen.uexp" 400
"../../../Engine/Plugins/Interchange/Runtime/Content/gltf/MaterialBodies/MF_Sheen_Body.uasset" 401
"../../../Engine/Plugins/Interchange/Runtime/Content/gltf/MaterialBodies/MF_Sheen_Body.uexp" 402
"../../../Engine/Plugins/Interchange/Runtime/Content/gltf/M_Sheen.uasset" 403
"../../../Engine/Plugins/Interchange/Runtime/Content/gltf/M_Sheen.uexp" 404
"../../../Engine/Plugins/Interchange/Runtime/Content/gltf/MaterialInstances/MI_Sheen_Opaque_DS.uasset" 405
"../../../Engine/Plugins/Interchange/Runtime/Content/gltf/MaterialInstances/MI_Sheen_Opaque_DS.uexp" 406
"../../../Engine/Plugins/Interchange/Runtime/Content/gltf/MaterialInstances/MI_Sheen_Opaque.uasset" 407
"../../../Engine/Plugins/Interchange/Runtime/Content/gltf/MaterialInstances/MI_Sheen_Opaque.uexp" 408
"../../../Engine/Plugins/Interchange/Runtime/Content/gltf/MaterialInstances/MI_Sheen_Mask_DS.uasset" 409
"../../../Engine/Plugins/Interchange/Runtime/Content/gltf/MaterialInstances/MI_Sheen_Mask_DS.uexp" 410
"../../../Engine/Plugins/Interchange/Runtime/Content/gltf/MaterialInstances/MI_Sheen_Mask.uasset" 411
"../../../Engine/Plugins/Interchange/Runtime/Content/gltf/MaterialInstances/MI_Sheen_Mask.uexp" 412
"../../../Engine/Plugins/Interchange/Runtime/Content/gltf/MaterialInstances/MI_Sheen_Blend_DS.uasset" 413
"../../../Engine/Plugins/Interchange/Runtime/Content/gltf/MaterialInstances/MI_Sheen_Blend_DS.uexp" 414
"../../../Engine/Plugins/Interchange/Runtime/Content/gltf/MaterialInstances/MI_Sheen_Blend.uasset" 415
"../../../Engine/Plugins/Interchange/Runtime/Content/gltf/MaterialInstances/MI_Sheen_Blend.uexp" 416
"../../../Engine/Plugins/Interchange/Runtime/Content/gltf/MaterialBodies/MF_Default_Body.uasset" 417
"../../../Engine/Plugins/Interchange/Runtime/Content/gltf/MaterialBodies/MF_Default_Body.uexp" 418
"../../../Engine/Plugins/Interchange/Runtime/Content/gltf/M_Default.uasset" 419
"../../../Engine/Plugins/Interchange/Runtime/Content/gltf/M_Default.uexp" 420
"../../../Engine/Plugins/Interchange/Runtime/Content/gltf/MaterialInstances/MI_Default_Opaque.uasset" 421
"../../../Engine/Plugins/Interchange/Runtime/Content/gltf/MaterialInstances/MI_Default_Opaque.uexp" 422
"../../../Engine/Plugins/Interchange/Runtime/Content/gltf/MaterialInstances/MI_Default_Mask_DS.uasset" 423
"../../../Engine/Plugins/Interchange/Runtime/Content/gltf/MaterialInstances/MI_Default_Mask_DS.uexp" 424
"../../../Engine/Plugins/Interchange/Runtime/Content/gltf/MaterialInstances/MI_Default_Mask.uasset" 425
"../../../Engine/Plugins/Interchange/Runtime/Content/gltf/MaterialInstances/MI_Default_Mask.uexp" 426
"../../../Engine/Plugins/Interchange/Runtime/Content/gltf/MaterialInstances/MI_Default_Blend_DS.uasset" 427
"../../../Engine/Plugins/Interchange/Runtime/Content/gltf/MaterialInstances/MI_Default_Blend_DS.uexp" 428
"../../../Engine/Plugins/Interchange/Runtime/Content/gltf/MaterialInstances/MI_Default_Blend.uasset" 429
"../../../Engine/Plugins/Interchange/Runtime/Content/gltf/MaterialInstances/MI_Default_Blend.uexp" 430
"../../../Engine/Content/Functions/Engine_MaterialFunctions01/Texturing/FlattenNormal.uasset" 431
"../../../Engine/Content/Functions/Engine_MaterialFunctions01/Texturing/FlattenNormal.uexp" 432
"../../../Engine/Plugins/Interchange/Runtime/Content/gltf/MaterialFunctions/MF_Clearcoat.uasset" 433
"../../../Engine/Plugins/Interchange/Runtime/Content/gltf/MaterialFunctions/MF_Clearcoat.uexp" 434
"../../../Engine/Plugins/Interchange/Runtime/Content/gltf/MaterialBodies/MF_ClearCoat_Body.uasset" 435
"../../../Engine/Plugins/Interchange/Runtime/Content/gltf/MaterialBodies/MF_ClearCoat_Body.uexp" 436
"../../../Engine/Plugins/Interchange/Runtime/Content/gltf/M_ClearCoat.uasset" 437
"../../../Engine/Plugins/Interchange/Runtime/Content/gltf/M_ClearCoat.uexp" 438
"../../../Engine/Plugins/Interchange/Runtime/Content/gltf/MaterialInstances/MI_ClearCoat_Opaque_DS.uasset" 439
"../../../Engine/Plugins/Interchange/Runtime/Content/gltf/MaterialInstances/MI_ClearCoat_Opaque_DS.uexp" 440
"../../../Engine/Plugins/Interchange/Runtime/Content/gltf/MaterialInstances/MI_ClearCoat_Opaque.uasset" 441
"../../../Engine/Plugins/Interchange/Runtime/Content/gltf/MaterialInstances/MI_ClearCoat_Opaque.uexp" 442
"../../../Engine/Plugins/Interchange/Runtime/Content/gltf/MaterialInstances/MI_ClearCoat_Mask_DS.uasset" 443
"../../../Engine/Plugins/Interchange/Runtime/Content/gltf/MaterialInstances/MI_ClearCoat_Mask_DS.uexp" 444
"../../../Engine/Plugins/Interchange/Runtime/Content/gltf/MaterialInstances/MI_ClearCoat_Mask.uasset" 445
"../../../Engine/Plugins/Interchange/Runtime/Content/gltf/MaterialInstances/MI_ClearCoat_Mask.uexp" 446
"../../../Engine/Plugins/Interchange/Runtime/Content/gltf/MaterialInstances/MI_ClearCoat_Blend_DS.uasset" 447
"../../../Engine/Plugins/Interchange/Runtime/Content/gltf/MaterialInstances/MI_ClearCoat_Blend_DS.uexp" 448
"../../../Engine/Plugins/Interchange/Runtime/Content/gltf/MaterialInstances/MI_ClearCoat_Blend.uasset" 449
"../../../Engine/Plugins/Interchange/Runtime/Content/gltf/MaterialInstances/MI_ClearCoat_Blend.uexp" 450
"../../../Engine/Plugins/Interchange/Runtime/Content/Functions/MX_UsdPreviewSurface.uasset" 451
"../../../Engine/Plugins/Interchange/Runtime/Content/Functions/MX_UsdPreviewSurface.uexp" 452
"../../../Engine/Plugins/Interchange/Runtime/Content/Functions/MX_UniformEDF.uasset" 453
"../../../Engine/Plugins/Interchange/Runtime/Content/Functions/MX_UniformEDF.uexp" 454
"../../../Engine/Plugins/Interchange/Runtime/Content/Functions/MX_TranslucentBSDF.uasset" 455
"../../../Engine/Plugins/Interchange/Runtime/Content/Functions/MX_TranslucentBSDF.uexp" 456
"../../../Engine/Plugins/Interchange/Runtime/Content/Functions/MX_ThinFilmBSDF.uasset" 457
"../../../Engine/Plugins/Interchange/Runtime/Content/Functions/MX_ThinFilmBSDF.uexp" 458
"../../../Engine/Plugins/Interchange/Runtime/Content/Functions/MX_SurfaceUnlit.uasset" 459
"../../../Engine/Plugins/Interchange/Runtime/Content/Functions/MX_SurfaceUnlit.uexp" 460
"../../../Engine/Plugins/Interchange/Runtime/Content/Functions/MX_Surface.uasset" 461
"../../../Engine/Plugins/Interchange/Runtime/Content/Functions/MX_Surface.uexp" 462
"../../../Engine/Plugins/Interchange/Runtime/Content/Functions/MX_SubsurfaceBSDF.uasset" 463
"../../../Engine/Plugins/Interchange/Runtime/Content/Functions/MX_SubsurfaceBSDF.uexp" 464
"../../../Engine/Plugins/Interchange/Runtime/Content/Functions/MX_SheenBSDF.uasset" 465
"../../../Engine/Plugins/Interchange/Runtime/Content/Functions/MX_SheenBSDF.uexp" 466
"../../../Engine/Plugins/Interchange/Runtime/Content/Functions/MX_OrenNayarBSDF.uasset" 467
"../../../Engine/Plugins/Interchange/Runtime/Content/Functions/MX_OrenNayarBSDF.uexp" 468
"../../../Engine/Content/Functions/Engine_MaterialFunctions01/Volumetrics/BeersLaw.uasset" 469
"../../../Engine/Content/Functions/Engine_MaterialFunctions01/Volumetrics/BeersLaw.uexp" 470
"../../../Engine/Plugins/Interchange/Runtime/Content/Functions/MX_Transmission.uasset" 471
"../../../Engine/Plugins/Interchange/Runtime/Content/Functions/MX_Transmission.uexp" 472
"../../../Engine/Plugins/Interchange/Runtime/Content/Functions/MF_OrenNayerView.uasset" 473
"../../../Engine/Plugins/Interchange/Runtime/Content/Functions/MF_OrenNayerView.uexp" 474
"../../../Engine/Plugins/Interchange/Runtime/Content/Functions/MF_SchlickApprox.uasset" 475
"../../../Engine/Plugins/Interchange/Runtime/Content/Functions/MF_SchlickApprox.uexp" 476
"../../../Engine/Plugins/Interchange/Runtime/Content/Functions/MX_StandardSurface.uasset" 477
"../../../Engine/Plugins/Interchange/Runtime/Content/Functions/MX_StandardSurface.uexp" 478
"../../../Engine/Plugins/Interchange/Runtime/Content/Functions/MX_TransmissionSurface.uasset" 479
"../../../Engine/Plugins/Interchange/Runtime/Content/Functions/MX_TransmissionSurface.uexp" 480
"../../../Engine/Plugins/Interchange/Runtime/Content/Functions/MX_OpenPBR_Translucent.uasset" 481
"../../../Engine/Plugins/Interchange/Runtime/Content/Functions/MX_OpenPBR_Translucent.uexp" 482
"../../../Engine/Plugins/Interchange/Runtime/Content/Functions/MX_OpenPBR_Opaque.uasset" 483
"../../../Engine/Plugins/Interchange/Runtime/Content/Functions/MX_OpenPBR_Opaque.uexp" 484
"../../../Engine/Plugins/Interchange/Runtime/Content/Functions/MX_MeasuredEDF.uasset" 485
"../../../Engine/Plugins/Interchange/Runtime/Content/Functions/MX_MeasuredEDF.uexp" 486
"../../../Engine/Plugins/Interchange/Runtime/Content/Functions/MX_GeneralizedSchlickBSDF.uasset" 487
"../../../Engine/Plugins/Interchange/Runtime/Content/Functions/MX_GeneralizedSchlickBSDF.uexp" 488
"../../../Engine/Plugins/Interchange/Runtime/Content/Functions/MX_DielectricBSDF.uasset" 489
"../../../Engine/Plugins/Interchange/Runtime/Content/Functions/MX_DielectricBSDF.uexp" 490
"../../../Engine/Plugins/Interchange/Runtime/Content/Functions/MX_ConicalEDF.uasset" 491
"../../../Engine/Plugins/Interchange/Runtime/Content/Functions/MX_ConicalEDF.uexp" 492
"../../../Engine/Plugins/Interchange/Runtime/Content/Functions/MX_ConductorBSDF.uasset" 493
"../../../Engine/Plugins/Interchange/Runtime/Content/Functions/MX_ConductorBSDF.uexp" 494
"../../../Engine/Plugins/Interchange/Runtime/Content/Functions/MX_BurleyDiffuseBSDF.uasset" 495
"../../../Engine/Plugins/Interchange/Runtime/Content/Functions/MX_BurleyDiffuseBSDF.uexp" 496
"../../../Engine/Plugins/Interchange/Runtime/Content/Functions/MX_AnisotropicVDF.uasset" 497
"../../../Engine/Plugins/Interchange/Runtime/Content/Functions/MX_AnisotropicVDF.uexp" 498
"../../../Engine/Plugins/Interchange/Runtime/Content/Functions/MX_AbsorptionVDF.uasset" 499
"../../../Engine/Plugins/Interchange/Runtime/Content/Functions/MX_AbsorptionVDF.uexp" 500
"../../../Engine/Plugins/Editor/SpeedTreeImporter/Content/SpeedTree9/game_wind_noise.ubulk" 501
"../../../Engine/Plugins/Editor/SpeedTreeImporter/Content/SpeedTree9/game_wind_noise.uasset" 502
"../../../Engine/Plugins/Editor/SpeedTreeImporter/Content/SpeedTree9/game_wind_noise.uexp" 503
"../../../Engine/Plugins/Editor/SpeedTreeImporter/Content/SpeedTree9/UnpackDirection.uasset" 504
"../../../Engine/Plugins/Editor/SpeedTreeImporter/Content/SpeedTree9/UnpackDirection.uexp" 505
"../../../Engine/Content/Functions/Engine_MaterialFunctions02/ObjectLocalBounds.uasset" 506
"../../../Engine/Content/Functions/Engine_MaterialFunctions02/ObjectLocalBounds.uexp" 507
"../../../Engine/Content/Functions/Engine_MaterialFunctions02/UVs/BoundingBoxBased_0-1_UVW.uasset" 508
"../../../Engine/Content/Functions/Engine_MaterialFunctions02/UVs/BoundingBoxBased_0-1_UVW.uexp" 509
"../../../Engine/Content/Functions/Engine_MaterialFunctions02/Utility/VectorLength.uasset" 510
"../../../Engine/Content/Functions/Engine_MaterialFunctions02/Utility/VectorLength.uexp" 511
"../../../Engine/Plugins/Editor/SpeedTreeImporter/Content/SpeedTree9/UnpackInteger3.uasset" 512
"../../../Engine/Plugins/Editor/SpeedTreeImporter/Content/SpeedTree9/UnpackInteger3.uexp" 513
"../../../Engine/Plugins/Editor/SpeedTreeImporter/Content/SpeedTree9/SpeedTreeCameraFacing.uasset" 514
"../../../Engine/Plugins/Editor/SpeedTreeImporter/Content/SpeedTree9/SpeedTreeCameraFacing.uexp" 515
"../../../Engine/Content/Functions/Engine_MaterialFunctions02/WorldPositionOffset/ObjectScale.uasset" 516
"../../../Engine/Content/Functions/Engine_MaterialFunctions02/WorldPositionOffset/ObjectScale.uexp" 517
"../../../Engine/Content/Functions/Engine_MaterialFunctions02/SafeNormalize.uasset" 518
"../../../Engine/Content/Functions/Engine_MaterialFunctions02/SafeNormalize.uexp" 519
"../../../Engine/Plugins/Editor/SpeedTreeImporter/Content/SpeedTree9/SpeedTreeWindMotion.uasset" 520
"../../../Engine/Plugins/Editor/SpeedTreeImporter/Content/SpeedTree9/SpeedTreeWindMotion.uexp" 521
"../../../Engine/Plugins/Editor/SpeedTreeImporter/Content/SpeedTree9/SpeedTreeBranchMotion.uasset" 522
"../../../Engine/Plugins/Editor/SpeedTreeImporter/Content/SpeedTree9/SpeedTreeBranchMotion.uexp" 523
"../../../Engine/Plugins/Editor/SpeedTreeImporter/Content/SpeedTree9/SpeedTreeWind.uasset" 524
"../../../Engine/Plugins/Editor/SpeedTreeImporter/Content/SpeedTree9/SpeedTreeWind.uexp" 525
"../../../Engine/Plugins/Editor/SpeedTreeImporter/Content/SpeedTree9/EmptyNormal.uasset" 526
"../../../Engine/Plugins/Editor/SpeedTreeImporter/Content/SpeedTree9/EmptyNormal.uexp" 527
"../../../Engine/Plugins/Editor/SpeedTreeImporter/Content/SpeedTree9/Empty.uasset" 528
"../../../Engine/Plugins/Editor/SpeedTreeImporter/Content/SpeedTree9/Empty.uexp" 529
"../../../Engine/Plugins/Editor/SpeedTreeImporter/Content/SpeedTree9/SpeedTreeMaster.uasset" 530
"../../../Engine/Plugins/Editor/SpeedTreeImporter/Content/SpeedTree9/SpeedTreeMaster.uexp" 531
"../../../Engine/Plugins/Editor/SpeedTreeImporter/Content/SpeedTree9/SpeedTreeBillboard.uasset" 532
"../../../Engine/Plugins/Editor/SpeedTreeImporter/Content/SpeedTree9/SpeedTreeBillboard.uexp" 533
"../../../Engine/Plugins/Editor/SpeedTreeImporter/Content/SpeedTree9/SpeedTreeBillboardMaster.uasset" 534
"../../../Engine/Plugins/Editor/SpeedTreeImporter/Content/SpeedTree9/SpeedTreeBillboardMaster.uexp" 535
"../../../Engine/Content/Functions/Engine_MaterialFunctions02/WorldPositionOffset/CameraOffset.uasset" 536
"../../../Engine/Content/Functions/Engine_MaterialFunctions02/WorldPositionOffset/CameraOffset.uexp" 537
"../../../Engine/Plugins/Animation/ControlRig/Content/M_Manip.uasset" 538
"../../../Engine/Plugins/Animation/ControlRig/Content/M_Manip.uexp" 539
"../../../Engine/Plugins/Animation/ControlRig/Content/Controls/DefaultGizmoLibraryNormalized.uasset" 540
"../../../Engine/Plugins/Animation/ControlRig/Content/Controls/DefaultGizmoLibraryNormalized.uexp" 541
"../../../Engine/Plugins/Animation/ControlRig/Content/Controls/ControlRig_Wedge_solid.ubulk" 542
"../../../Engine/Plugins/Animation/ControlRig/Content/Controls/ControlRig_Wedge_solid.uasset" 543
"../../../Engine/Plugins/Animation/ControlRig/Content/Controls/ControlRig_Wedge_solid.uexp" 544
"../../../Engine/Plugins/Animation/ControlRig/Content/Controls/ControlRig_Wedge_3mm.ubulk" 545
"../../../Engine/Plugins/Animation/ControlRig/Content/Controls/ControlRig_Wedge_3mm.uasset" 546
"../../../Engine/Plugins/Animation/ControlRig/Content/Controls/ControlRig_Wedge_3mm.uexp" 547
"../../../Engine/Plugins/Animation/ControlRig/Content/Controls/ControlRig_Wedge_1mm.ubulk" 548
"../../../Engine/Plugins/Animation/ControlRig/Content/Controls/ControlRig_Wedge_1mm.uasset" 549
"../../../Engine/Plugins/Animation/ControlRig/Content/Controls/ControlRig_Wedge_1mm.uexp" 550
"../../../Engine/Plugins/Animation/ControlRig/Content/Controls/ControlRig_Triangle_solid.ubulk" 551
"../../../Engine/Plugins/Animation/ControlRig/Content/Controls/ControlRig_Triangle_solid.uasset" 552
"../../../Engine/Plugins/Animation/ControlRig/Content/Controls/ControlRig_Triangle_solid.uexp" 553
"../../../Engine/Plugins/Animation/ControlRig/Content/Controls/ControlRig_Triangle_3mm.ubulk" 554
"../../../Engine/Plugins/Animation/ControlRig/Content/Controls/ControlRig_Triangle_3mm.uasset" 555
"../../../Engine/Plugins/Animation/ControlRig/Content/Controls/ControlRig_Triangle_3mm.uexp" 556
"../../../Engine/Plugins/Animation/ControlRig/Content/Controls/ControlRig_Triangle_1mm.ubulk" 557
"../../../Engine/Plugins/Animation/ControlRig/Content/Controls/ControlRig_Triangle_1mm.uasset" 558
"../../../Engine/Plugins/Animation/ControlRig/Content/Controls/ControlRig_Triangle_1mm.uexp" 559
"../../../Engine/Plugins/Animation/ControlRig/Content/Controls/ControlRig_Star4_solid.ubulk" 560
"../../../Engine/Plugins/Animation/ControlRig/Content/Controls/ControlRig_Star4_solid.uasset" 561
"../../../Engine/Plugins/Animation/ControlRig/Content/Controls/ControlRig_Star4_solid.uexp" 562
"../../../Engine/Plugins/Animation/ControlRig/Content/Controls/ControlRig_Star4_3mm.ubulk" 563
"../../../Engine/Plugins/Animation/ControlRig/Content/Controls/ControlRig_Star4_3mm.uasset" 564
"../../../Engine/Plugins/Animation/ControlRig/Content/Controls/ControlRig_Star4_3mm.uexp" 565
"../../../Engine/Plugins/Animation/ControlRig/Content/Controls/ControlRig_Star4_1mm.ubulk" 566
"../../../Engine/Plugins/Animation/ControlRig/Content/Controls/ControlRig_Star4_1mm.uasset" 567
"../../../Engine/Plugins/Animation/ControlRig/Content/Controls/ControlRig_Star4_1mm.uexp" 568
"../../../Engine/Plugins/Animation/ControlRig/Content/Controls/ControlRig_Square_solid.ubulk" 569
"../../../Engine/Plugins/Animation/ControlRig/Content/Controls/ControlRig_Square_solid.uasset" 570
"../../../Engine/Plugins/Animation/ControlRig/Content/Controls/ControlRig_Square_solid.uexp" 571
"../../../Engine/Plugins/Animation/ControlRig/Content/Controls/ControlRig_Square_3mm.ubulk" 572
"../../../Engine/Plugins/Animation/ControlRig/Content/Controls/ControlRig_Square_3mm.uasset" 573
"../../../Engine/Plugins/Animation/ControlRig/Content/Controls/ControlRig_Square_3mm.uexp" 574
"../../../Engine/Plugins/Animation/ControlRig/Content/Controls/ControlRig_Square_1mm.ubulk" 575
"../../../Engine/Plugins/Animation/ControlRig/Content/Controls/ControlRig_Square_1mm.uasset" 576
"../../../Engine/Plugins/Animation/ControlRig/Content/Controls/ControlRig_Square_1mm.uexp" 577
"../../../Engine/Plugins/Animation/ControlRig/Content/Controls/ControlRig_Sphere_solid.ubulk" 578
"../../../Engine/Plugins/Animation/ControlRig/Content/Controls/ControlRig_Sphere_solid.uasset" 579
"../../../Engine/Plugins/Animation/ControlRig/Content/Controls/ControlRig_Sphere_solid.uexp" 580
"../../../Engine/Plugins/Animation/ControlRig/Content/Controls/ControlRig_Sphere_3mm.ubulk" 581
"../../../Engine/Plugins/Animation/ControlRig/Content/Controls/ControlRig_Sphere_3mm.uasset" 582
"../../../Engine/Plugins/Animation/ControlRig/Content/Controls/ControlRig_Sphere_3mm.uexp" 583
"../../../Engine/Plugins/Animation/ControlRig/Content/Controls/ControlRig_Sphere_1mm.ubulk" 584
"../../../Engine/Plugins/Animation/ControlRig/Content/Controls/ControlRig_Sphere_1mm.uasset" 585
"../../../Engine/Plugins/Animation/ControlRig/Content/Controls/ControlRig_Sphere_1mm.uexp" 586
"../../../Engine/Plugins/Animation/ControlRig/Content/Controls/ControlRig_RoundedTriangle_solid.ubulk" 587
"../../../Engine/Plugins/Animation/ControlRig/Content/Controls/ControlRig_RoundedTriangle_solid.uasset" 588
"../../../Engine/Plugins/Animation/ControlRig/Content/Controls/ControlRig_RoundedTriangle_solid.uexp" 589
"../../../Engine/Plugins/Animation/ControlRig/Content/Controls/ControlRig_RoundedTriangle_3mm.ubulk" 590
"../../../Engine/Plugins/Animation/ControlRig/Content/Controls/ControlRig_RoundedTriangle_3mm.uasset" 591
"../../../Engine/Plugins/Animation/ControlRig/Content/Controls/ControlRig_RoundedTriangle_3mm.uexp" 592
"../../../Engine/Plugins/Animation/ControlRig/Content/Controls/ControlRig_RoundedTriangle_1mm.ubulk" 593
"../../../Engine/Plugins/Animation/ControlRig/Content/Controls/ControlRig_RoundedTriangle_1mm.uasset" 594
"../../../Engine/Plugins/Animation/ControlRig/Content/Controls/ControlRig_RoundedTriangle_1mm.uexp" 595
"../../../Engine/Plugins/Animation/ControlRig/Content/Controls/ControlRig_RoundedSquare_solid.ubulk" 596
"../../../Engine/Plugins/Animation/ControlRig/Content/Controls/ControlRig_RoundedSquare_solid.uasset" 597
"../../../Engine/Plugins/Animation/ControlRig/Content/Controls/ControlRig_RoundedSquare_solid.uexp" 598
"../../../Engine/Plugins/Animation/ControlRig/Content/Controls/ControlRig_RoundedSquare_3mm.ubulk" 599
"../../../Engine/Plugins/Animation/ControlRig/Content/Controls/ControlRig_RoundedSquare_3mm.uasset" 600
"../../../Engine/Plugins/Animation/ControlRig/Content/Controls/ControlRig_RoundedSquare_3mm.uexp" 601
"../../../Engine/Plugins/Animation/ControlRig/Content/Controls/ControlRig_RoundedSquare_1mm.ubulk" 602
"../../../Engine/Plugins/Animation/ControlRig/Content/Controls/ControlRig_RoundedSquare_1mm.uasset" 603
"../../../Engine/Plugins/Animation/ControlRig/Content/Controls/ControlRig_RoundedSquare_1mm.uexp" 604
"../../../Engine/Plugins/Animation/ControlRig/Content/Controls/ControlRig_QuarterCircle_solid.ubulk" 605
"../../../Engine/Plugins/Animation/ControlRig/Content/Controls/ControlRig_QuarterCircle_solid.uasset" 606
"../../../Engine/Plugins/Animation/ControlRig/Content/Controls/ControlRig_QuarterCircle_solid.uexp" 607
"../../../Engine/Plugins/Animation/ControlRig/Content/Controls/ControlRig_QuarterCircle_3mm.ubulk" 608
"../../../Engine/Plugins/Animation/ControlRig/Content/Controls/ControlRig_QuarterCircle_3mm.uasset" 609
"../../../Engine/Plugins/Animation/ControlRig/Content/Controls/ControlRig_QuarterCircle_3mm.uexp" 610
"../../../Engine/Plugins/Animation/ControlRig/Content/Controls/ControlRig_QuarterCircle_1mm.ubulk" 611
"../../../Engine/Plugins/Animation/ControlRig/Content/Controls/ControlRig_QuarterCircle_1mm.uasset" 612
"../../../Engine/Plugins/Animation/ControlRig/Content/Controls/ControlRig_QuarterCircle_1mm.uexp" 613
"../../../Engine/Plugins/Animation/ControlRig/Content/Controls/ControlRig_Pyramid_solid.ubulk" 614
"../../../Engine/Plugins/Animation/ControlRig/Content/Controls/ControlRig_Pyramid_solid.uasset" 615
"../../../Engine/Plugins/Animation/ControlRig/Content/Controls/ControlRig_Pyramid_solid.uexp" 616
"../../../Engine/Plugins/Animation/ControlRig/Content/Controls/ControlRig_Pyramid_3mm.ubulk" 617
"../../../Engine/Plugins/Animation/ControlRig/Content/Controls/ControlRig_Pyramid_3mm.uasset" 618
"../../../Engine/Plugins/Animation/ControlRig/Content/Controls/ControlRig_Pyramid_3mm.uexp" 619
"../../../Engine/Plugins/Animation/ControlRig/Content/Controls/ControlRig_Pyramid_1mm.ubulk" 620
"../../../Engine/Plugins/Animation/ControlRig/Content/Controls/ControlRig_Pyramid_1mm.uasset" 621
"../../../Engine/Plugins/Animation/ControlRig/Content/Controls/ControlRig_Pyramid_1mm.uexp" 622
"../../../Engine/Plugins/Animation/ControlRig/Content/Controls/ControlRig_Octagon_solid.ubulk" 623
"../../../Engine/Plugins/Animation/ControlRig/Content/Controls/ControlRig_Octagon_solid.uasset" 624
"../../../Engine/Plugins/Animation/ControlRig/Content/Controls/ControlRig_Octagon_solid.uexp" 625
"../../../Engine/Plugins/Animation/ControlRig/Content/Controls/ControlRig_Octagon_3mm.ubulk" 626
"../../../Engine/Plugins/Animation/ControlRig/Content/Controls/ControlRig_Octagon_3mm.uasset" 627
"../../../Engine/Plugins/Animation/ControlRig/Content/Controls/ControlRig_Octagon_3mm.uexp" 628
"../../../Engine/Plugins/Animation/ControlRig/Content/Controls/ControlRig_Octagon_1mm.ubulk" 629
"../../../Engine/Plugins/Animation/ControlRig/Content/Controls/ControlRig_Octagon_1mm.uasset" 630
"../../../Engine/Plugins/Animation/ControlRig/Content/Controls/ControlRig_Octagon_1mm.uexp" 631
"../../../Engine/Plugins/Animation/ControlRig/Content/Controls/ControlRig_Hexagon_solid.ubulk" 632
"../../../Engine/Plugins/Animation/ControlRig/Content/Controls/ControlRig_Hexagon_solid.uasset" 633
"../../../Engine/Plugins/Animation/ControlRig/Content/Controls/ControlRig_Hexagon_solid.uexp" 634
"../../../Engine/Plugins/Animation/ControlRig/Content/Controls/ControlRig_Hexagon_3mm.ubulk" 635
"../../../Engine/Plugins/Animation/ControlRig/Content/Controls/ControlRig_Hexagon_3mm.uasset" 636
"../../../Engine/Plugins/Animation/ControlRig/Content/Controls/ControlRig_Hexagon_3mm.uexp" 637
"../../../Engine/Plugins/Animation/ControlRig/Content/Controls/ControlRig_Hexagon_1mm.ubulk" 638
"../../../Engine/Plugins/Animation/ControlRig/Content/Controls/ControlRig_Hexagon_1mm.uasset" 639
"../../../Engine/Plugins/Animation/ControlRig/Content/Controls/ControlRig_Hexagon_1mm.uexp" 640
"../../../Engine/Plugins/Animation/ControlRig/Content/Controls/ControlRig_HalfCircle_solid.ubulk" 641
"../../../Engine/Plugins/Animation/ControlRig/Content/Controls/ControlRig_HalfCircle_solid.uasset" 642
"../../../Engine/Plugins/Animation/ControlRig/Content/Controls/ControlRig_HalfCircle_solid.uexp" 643
"../../../Engine/Plugins/Animation/ControlRig/Content/Controls/ControlRig_HalfCircle_3mm.ubulk" 644
"../../../Engine/Plugins/Animation/ControlRig/Content/Controls/ControlRig_HalfCircle_3mm.uasset" 645
"../../../Engine/Plugins/Animation/ControlRig/Content/Controls/ControlRig_HalfCircle_3mm.uexp" 646
"../../../Engine/Plugins/Animation/ControlRig/Content/Controls/ControlRig_HalfCircle_1mm.ubulk" 647
"../../../Engine/Plugins/Animation/ControlRig/Content/Controls/ControlRig_HalfCircle_1mm.uasset" 648
"../../../Engine/Plugins/Animation/ControlRig/Content/Controls/ControlRig_HalfCircle_1mm.uexp" 649
"../../../Engine/Plugins/Animation/ControlRig/Content/Controls/ControlRig_Diamond_solid.ubulk" 650
"../../../Engine/Plugins/Animation/ControlRig/Content/Controls/ControlRig_Diamond_solid.uasset" 651
"../../../Engine/Plugins/Animation/ControlRig/Content/Controls/ControlRig_Diamond_solid.uexp" 652
"../../../Engine/Plugins/Animation/ControlRig/Content/Controls/ControlRig_Diamond_3mm.ubulk" 653
"../../../Engine/Plugins/Animation/ControlRig/Content/Controls/ControlRig_Diamond_3mm.uasset" 654
"../../../Engine/Plugins/Animation/ControlRig/Content/Controls/ControlRig_Diamond_3mm.uexp" 655
"../../../Engine/Plugins/Animation/ControlRig/Content/Controls/ControlRig_Diamond_1mm.ubulk" 656
"../../../Engine/Plugins/Animation/ControlRig/Content/Controls/ControlRig_Diamond_1mm.uasset" 657
"../../../Engine/Plugins/Animation/ControlRig/Content/Controls/ControlRig_Diamond_1mm.uexp" 658
"../../../Engine/Plugins/Animation/ControlRig/Content/Controls/ControlRig_Circle_solid.ubulk" 659
"../../../Engine/Plugins/Animation/ControlRig/Content/Controls/ControlRig_Circle_solid.uasset" 660
"../../../Engine/Plugins/Animation/ControlRig/Content/Controls/ControlRig_Circle_solid.uexp" 661
"../../../Engine/Plugins/Animation/ControlRig/Content/Controls/ControlRig_Circle_3mm.ubulk" 662
"../../../Engine/Plugins/Animation/ControlRig/Content/Controls/ControlRig_Circle_3mm.uasset" 663
"../../../Engine/Plugins/Animation/ControlRig/Content/Controls/ControlRig_Circle_3mm.uexp" 664
"../../../Engine/Plugins/Animation/ControlRig/Content/Controls/ControlRig_Circle_1mm.ubulk" 665
"../../../Engine/Plugins/Animation/ControlRig/Content/Controls/ControlRig_Circle_1mm.uasset" 666
"../../../Engine/Plugins/Animation/ControlRig/Content/Controls/ControlRig_Circle_1mm.uexp" 667
"../../../Engine/Plugins/Animation/ControlRig/Content/Controls/ControlRig_Box_solid.ubulk" 668
"../../../Engine/Plugins/Animation/ControlRig/Content/Controls/ControlRig_Box_solid.uasset" 669
"../../../Engine/Plugins/Animation/ControlRig/Content/Controls/ControlRig_Box_solid.uexp" 670
"../../../Engine/Plugins/Animation/ControlRig/Content/Controls/ControlRig_Box_3mm.ubulk" 671
"../../../Engine/Plugins/Animation/ControlRig/Content/Controls/ControlRig_Box_3mm.uasset" 672
"../../../Engine/Plugins/Animation/ControlRig/Content/Controls/ControlRig_Box_3mm.uexp" 673
"../../../Engine/Plugins/Animation/ControlRig/Content/Controls/ControlRig_Box_1mm.ubulk" 674
"../../../Engine/Plugins/Animation/ControlRig/Content/Controls/ControlRig_Box_1mm.uasset" 675
"../../../Engine/Plugins/Animation/ControlRig/Content/Controls/ControlRig_Box_1mm.uexp" 676
"../../../Engine/Plugins/Animation/ControlRig/Content/Controls/ControlRig_Arrow_solid.ubulk" 677
"../../../Engine/Plugins/Animation/ControlRig/Content/Controls/ControlRig_Arrow_solid.uasset" 678
"../../../Engine/Plugins/Animation/ControlRig/Content/Controls/ControlRig_Arrow_solid.uexp" 679
"../../../Engine/Plugins/Animation/ControlRig/Content/Controls/ControlRig_Arrow_3mm.ubulk" 680
"../../../Engine/Plugins/Animation/ControlRig/Content/Controls/ControlRig_Arrow_3mm.uasset" 681
"../../../Engine/Plugins/Animation/ControlRig/Content/Controls/ControlRig_Arrow_3mm.uexp" 682
"../../../Engine/Plugins/Animation/ControlRig/Content/Controls/ControlRig_Arrow_1mm.ubulk" 683
"../../../Engine/Plugins/Animation/ControlRig/Content/Controls/ControlRig_Arrow_1mm.uasset" 684
"../../../Engine/Plugins/Animation/ControlRig/Content/Controls/ControlRig_Arrow_1mm.uexp" 685
"../../../Engine/Plugins/Animation/ControlRig/Content/Controls/ControlRig_Arrow4_solid.ubulk" 686
"../../../Engine/Plugins/Animation/ControlRig/Content/Controls/ControlRig_Arrow4_solid.uasset" 687
"../../../Engine/Plugins/Animation/ControlRig/Content/Controls/ControlRig_Arrow4_solid.uexp" 688
"../../../Engine/Plugins/Animation/ControlRig/Content/Controls/ControlRig_Arrow4_3mm.ubulk" 689
"../../../Engine/Plugins/Animation/ControlRig/Content/Controls/ControlRig_Arrow4_3mm.uasset" 690
"../../../Engine/Plugins/Animation/ControlRig/Content/Controls/ControlRig_Arrow4_3mm.uexp" 691
"../../../Engine/Plugins/Animation/ControlRig/Content/Controls/ControlRig_Arrow4_1mm.ubulk" 692
"../../../Engine/Plugins/Animation/ControlRig/Content/Controls/ControlRig_Arrow4_1mm.uasset" 693
"../../../Engine/Plugins/Animation/ControlRig/Content/Controls/ControlRig_Arrow4_1mm.uexp" 694
"../../../Engine/Plugins/Animation/ControlRig/Content/Controls/ControlRig_Arrow2_solid.ubulk" 695
"../../../Engine/Plugins/Animation/ControlRig/Content/Controls/ControlRig_Arrow2_solid.uasset" 696
"../../../Engine/Plugins/Animation/ControlRig/Content/Controls/ControlRig_Arrow2_solid.uexp" 697
"../../../Engine/Plugins/Animation/ControlRig/Content/Controls/ControlRig_Arrow2_3mm.ubulk" 698
"../../../Engine/Plugins/Animation/ControlRig/Content/Controls/ControlRig_Arrow2_3mm.uasset" 699
"../../../Engine/Plugins/Animation/ControlRig/Content/Controls/ControlRig_Arrow2_3mm.uexp" 700
"../../../Engine/Plugins/Animation/ControlRig/Content/Controls/ControlRig_Arrow2_1mm.ubulk" 701
"../../../Engine/Plugins/Animation/ControlRig/Content/Controls/ControlRig_Arrow2_1mm.uasset" 702
"../../../Engine/Plugins/Animation/ControlRig/Content/Controls/ControlRig_Arrow2_1mm.uexp" 703
"../../../Engine/Plugins/Animation/ControlRig/Content/Controls/ControlRigXRayMaterial.uasset" 704
"../../../Engine/Plugins/Animation/ControlRig/Content/Controls/ControlRigXRayMaterial.uexp" 705
"../../../Engine/Plugins/Animation/ControlRig/Content/Controls/ControlRigGizmoMaterial.uasset" 706
"../../../Engine/Plugins/Animation/ControlRig/Content/Controls/ControlRigGizmoMaterial.uexp" 707
"../../../Engine/Plugins/Animation/ACLPlugin/Content/ACLAnimCurveCompressionSettings.uasset" 708
"../../../Engine/Plugins/Animation/ACLPlugin/Content/ACLAnimCurveCompressionSettings.uexp" 709
"../../../Engine/Plugins/Animation/ACLPlugin/Content/ACLAnimBoneCompressionSettings.uasset" 710
"../../../Engine/Plugins/Animation/ACLPlugin/Content/ACLAnimBoneCompressionSettings.uexp" 711
"../../../Engine/Plugins/2D/Paper2D/Content/PlaceholderTextures/DummySpriteTexture.ubulk" 712
"../../../Engine/Plugins/2D/Paper2D/Content/PlaceholderTextures/DummySpriteTexture.uasset" 713
"../../../Engine/Plugins/2D/Paper2D/Content/PlaceholderTextures/DummySpriteTexture.uexp" 714
"../../../Engine/Plugins/2D/Paper2D/Content/DefaultSpriteMaterial.uasset" 715
"../../../Engine/Plugins/2D/Paper2D/Content/DefaultSpriteMaterial.uexp" 716
"../../../Engine/Plugins/2D/Paper2D/Content/OpaqueUnlitSpriteMaterial.uasset" 717
"../../../Engine/Plugins/2D/Paper2D/Content/OpaqueUnlitSpriteMaterial.uexp" 718
"../../../Engine/Plugins/2D/Paper2D/Content/MaskedUnlitSpriteMaterial.uasset" 719
"../../../Engine/Plugins/2D/Paper2D/Content/MaskedUnlitSpriteMaterial.uexp" 720
"../../../Engine/Plugins/2D/Paper2D/Content/DummySprite.uasset" 721
"../../../Engine/Plugins/2D/Paper2D/Content/DummySprite.uexp" 722
"../../../Engine/Plugins/2D/Paper2D/Content/DefaultPaperTerrainMaterial.uasset" 723
"../../../Engine/Plugins/2D/Paper2D/Content/DefaultPaperTerrainMaterial.uexp" 724
"../../../Engine/Content/VREditor/TransformGizmo/StartRotationHandleIndicator.ubulk" 725
"../../../Engine/Content/VREditor/TransformGizmo/StartRotationHandleIndicator.uasset" 726
"../../../Engine/Content/VREditor/TransformGizmo/StartRotationHandleIndicator.uexp" 727
"../../../Engine/Content/VREditor/Sounds/UI/Drop_Item_From_ContentBrowser.ubulk" 728
"../../../Engine/Content/VREditor/Sounds/UI/Drop_Item_From_ContentBrowser.uasset" 729
"../../../Engine/Content/VREditor/Sounds/UI/Drop_Item_From_ContentBrowser.uexp" 730
"../../../Engine/Content/VREditor/TransformGizmo/PlaneTranslationHandle.ubulk" 731
"../../../Engine/Content/VREditor/TransformGizmo/PlaneTranslationHandle.uasset" 732
"../../../Engine/Content/VREditor/TransformGizmo/PlaneTranslationHandle.uexp" 733
"../../../Engine/Content/VREditor/Sounds/UI/Object_Snaps_To_Grid.ubulk" 734
"../../../Engine/Content/VREditor/Sounds/UI/Object_Snaps_To_Grid.uasset" 735
"../../../Engine/Content/VREditor/Sounds/UI/Object_Snaps_To_Grid.uexp" 736
"../../../Engine/Content/VREditor/Sounds/UI/Selection_Changes.ubulk" 737
"../../../Engine/Content/VREditor/Sounds/UI/Selection_Changes.uasset" 738
"../../../Engine/Content/VREditor/Sounds/UI/Selection_Changes.uexp" 739
"../../../Engine/Content/VREditor/Sounds/UI/Object_Snaps_To_Another_Actor.ubulk" 740
"../../../Engine/Content/VREditor/Sounds/UI/Object_Snaps_To_Another_Actor.uasset" 741
"../../../Engine/Content/VREditor/Sounds/UI/Object_Snaps_To_Another_Actor.uexp" 742
"../../../Engine/Content/VREditor/TransformGizmo/TranslucentTransformGizmoMaterial_Inst.uasset" 743
"../../../Engine/Content/VREditor/TransformGizmo/TranslucentTransformGizmoMaterial_Inst.uexp" 744
"../../../Engine/Content/VREditor/TransformGizmo/TransformGizmoFreeRotation.ubulk" 745
"../../../Engine/Content/VREditor/TransformGizmo/TransformGizmoFreeRotation.uasset" 746
"../../../Engine/Content/VREditor/TransformGizmo/TransformGizmoFreeRotation.uexp" 747
"../../../Engine/Content/VREditor/Sounds/UI/Scaling_Down.ubulk" 748
"../../../Engine/Content/VREditor/Sounds/UI/Scaling_Down.uasset" 749
"../../../Engine/Content/VREditor/Sounds/UI/Scaling_Down.uexp" 750
"../../../Engine/Content/Functions/Engine_MaterialFunctions02/SplitComponents.uasset" 751
"../../../Engine/Content/Functions/Engine_MaterialFunctions02/SplitComponents.uexp" 752
"../../../Engine/Content/VREditor/SnapGrid/SnapGridMaterial.uasset" 753
"../../../Engine/Content/VREditor/SnapGrid/SnapGridMaterial.uexp" 754
"../../../Engine/Content/VREditor/SnapGrid/SnapGridPlaneMesh.ubulk" 755
"../../../Engine/Content/VREditor/SnapGrid/SnapGridPlaneMesh.uasset" 756
"../../../Engine/Content/VREditor/SnapGrid/SnapGridPlaneMesh.uexp" 757
"../../../Engine/Content/VREditor/Sounds/UI/Scaling_Up.ubulk" 758
"../../../Engine/Content/VREditor/Sounds/UI/Scaling_Up.uasset" 759
"../../../Engine/Content/VREditor/Sounds/UI/Scaling_Up.uexp" 760
"../../../Engine/Content/VREditor/TransformGizmo/TransformGizmoMaterial_Inst.uasset" 761
"../../../Engine/Content/VREditor/TransformGizmo/TransformGizmoMaterial_Inst.uexp" 762
"../../../Engine/Content/VREditor/Sounds/UI/Gizmo_Handle_Clicked.ubulk" 763
"../../../Engine/Content/VREditor/Sounds/UI/Gizmo_Handle_Clicked.uasset" 764
"../../../Engine/Content/VREditor/Sounds/UI/Gizmo_Handle_Clicked.uexp" 765
"../../../Engine/Content/VREditor/TransformGizmo/RotationHandleQuarter.ubulk" 766
"../../../Engine/Content/VREditor/TransformGizmo/RotationHandleQuarter.uasset" 767
"../../../Engine/Content/VREditor/TransformGizmo/RotationHandleQuarter.uexp" 768
"../../../Engine/Content/VREditor/TransformGizmo/TranslateArrowHandle.ubulk" 769
"../../../Engine/Content/VREditor/TransformGizmo/TranslateArrowHandle.uasset" 770
"../../../Engine/Content/VREditor/TransformGizmo/TranslateArrowHandle.uexp" 771
"../../../Engine/Content/VREditor/TransformGizmo/RotationHandleIndicator.ubulk" 772
"../../../Engine/Content/VREditor/TransformGizmo/RotationHandleIndicator.uasset" 773
"../../../Engine/Content/VREditor/TransformGizmo/RotationHandleIndicator.uexp" 774
"../../../Engine/Content/VREditor/TransformGizmo/UniformScaleHandle.ubulk" 775
"../../../Engine/Content/VREditor/TransformGizmo/UniformScaleHandle.uasset" 776
"../../../Engine/Content/VREditor/TransformGizmo/UniformScaleHandle.uexp" 777
"../../../Engine/Content/VREditor/TransformGizmo/RotationHandleFull.ubulk" 778
"../../../Engine/Content/VREditor/TransformGizmo/RotationHandleFull.uasset" 779
"../../../Engine/Content/VREditor/TransformGizmo/RotationHandleFull.uexp" 780
"../../../Engine/Content/VREditor/Sounds/UI/Object_PickUp.ubulk" 781
"../../../Engine/Content/VREditor/Sounds/UI/Object_PickUp.uasset" 782
"../../../Engine/Content/VREditor/Sounds/UI/Object_PickUp.uexp" 783
"../../../Engine/Content/EngineSounds/Master.uasset" 784
"../../../Engine/Content/EngineSounds/Master.uexp" 785
"../../../Engine/Content/EngineSky/VolumetricClouds/CloudWeatherTexture.uasset" 786
"../../../Engine/Content/EngineSky/VolumetricClouds/CloudWeatherTexture.uexp" 787
"../../../Engine/Content/Functions/Engine_MaterialFunctions02/Utility/MakeFloat2.uasset" 788
"../../../Engine/Content/Functions/Engine_MaterialFunctions02/Utility/MakeFloat2.uexp" 789
"../../../Engine/Content/EngineSky/VolumetricClouds/CloudGradientTexture.uasset" 790
"../../../Engine/Content/EngineSky/VolumetricClouds/CloudGradientTexture.uexp" 791
"../../../Engine/Content/EngineSky/VolumetricClouds/T_NoiseShape64.ubulk" 792
"../../../Engine/Content/EngineSky/VolumetricClouds/T_NoiseShape64.uasset" 793
"../../../Engine/Content/EngineSky/VolumetricClouds/T_NoiseShape64.uexp" 794
"../../../Engine/Content/EngineSky/VolumetricClouds/T_VolumeNoiseShape64.uasset" 795
"../../../Engine/Content/EngineSky/VolumetricClouds/T_VolumeNoiseShape64.uexp" 796
"../../../Engine/Content/EngineSky/VolumetricClouds/T_NoiseErosion.ubulk" 797
"../../../Engine/Content/EngineSky/VolumetricClouds/T_NoiseErosion.uasset" 798
"../../../Engine/Content/EngineSky/VolumetricClouds/T_NoiseErosion.uexp" 799
"../../../Engine/Content/EngineSky/VolumetricClouds/T_VolumeNoiseErosion32.uasset" 800
"../../../Engine/Content/EngineSky/VolumetricClouds/T_VolumeNoiseErosion32.uexp" 801
"../../../Engine/Content/EngineSky/VolumetricClouds/m_SimpleVolumetricCloud.uasset" 802
"../../../Engine/Content/EngineSky/VolumetricClouds/m_SimpleVolumetricCloud.uexp" 803
"../../../Engine/Content/EngineSky/VolumetricClouds/m_SimpleVolumetricCloud_Inst.uasset" 804
"../../../Engine/Content/EngineSky/VolumetricClouds/m_SimpleVolumetricCloud_Inst.uexp" 805
"../../../Engine/Content/EngineResources/FilmGrains/Marcie_Grain_v3_128_M2_000.uasset" 806
"../../../Engine/Content/EngineResources/FilmGrains/Marcie_Grain_v3_128_M2_000.uexp" 807
"../../../Engine/Content/EngineResources/WhiteSquareTexture.uasset" 808
"../../../Engine/Content/EngineResources/WhiteSquareTexture.uexp" 809
"../../../Engine/Content/EngineMaterials/Widget3DPassThrough.uasset" 810
"../../../Engine/Content/EngineMaterials/Widget3DPassThrough.uexp" 811
"../../../Engine/Content/EngineMaterials/Widget3DPassThrough_Translucent.uasset" 812
"../../../Engine/Content/EngineMaterials/Widget3DPassThrough_Translucent.uexp" 813
"../../../Engine/Content/EngineMaterials/Widget3DPassThrough_Translucent_OneSided.uasset" 814
"../../../Engine/Content/EngineMaterials/Widget3DPassThrough_Translucent_OneSided.uexp" 815
"../../../Engine/Content/EngineMaterials/Widget3DPassThrough_Opaque.uasset" 816
"../../../Engine/Content/EngineMaterials/Widget3DPassThrough_Opaque.uexp" 817
"../../../Engine/Content/EngineMaterials/Widget3DPassThrough_Opaque_OneSided.uasset" 818
"../../../Engine/Content/EngineMaterials/Widget3DPassThrough_Opaque_OneSided.uexp" 819
"../../../Engine/Content/EngineMaterials/Widget3DPassThrough_Masked_OneSided.uasset" 820
"../../../Engine/Content/EngineMaterials/Widget3DPassThrough_Masked_OneSided.uexp" 821
"../../../Engine/Content/EngineMaterials/Widget3DPassThrough_Masked.uasset" 822
"../../../Engine/Content/EngineMaterials/Widget3DPassThrough_Masked.uexp" 823
"../../../Engine/Content/EngineMaterials/STBlueNoise_vec2_128x128x64.uasset" 824
"../../../Engine/Content/EngineMaterials/STBlueNoise_vec2_128x128x64.uexp" 825
"../../../Engine/Content/EngineMaterials/STBlueNoise_scalar_128x128x64.uasset" 826
"../../../Engine/Content/EngineMaterials/STBlueNoise_scalar_128x128x64.uexp" 827
"../../../Engine/Content/EngineMaterials/RemoveSurfaceMaterial.uasset" 828
"../../../Engine/Content/EngineMaterials/RemoveSurfaceMaterial.uexp" 829
"../../../Engine/Content/EngineMaterials/DefaultCalibrationGrayscale.uasset" 830
"../../../Engine/Content/EngineMaterials/DefaultCalibrationGrayscale.uexp" 831
"../../../Engine/Content/EngineMaterials/PPM_DefaultCalibrationGrayscale.uasset" 832
"../../../Engine/Content/EngineMaterials/PPM_DefaultCalibrationGrayscale.uexp" 833
"../../../Engine/Content/EngineMaterials/DefaultCalibrationColor.uasset" 834
"../../../Engine/Content/EngineMaterials/DefaultCalibrationColor.uexp" 835
"../../../Engine/Content/EngineMaterials/PPM_DefaultCalibrationColor.uasset" 836
"../../../Engine/Content/EngineMaterials/PPM_DefaultCalibrationColor.uexp" 837
"../../../Engine/Content/EngineMaterials/PhAT_JointLimitMaterial.uasset" 838
"../../../Engine/Content/EngineMaterials/PhAT_JointLimitMaterial.uexp" 839
"../../../Engine/Content/EngineMaterials/NaniteHiddenSectionMaterial.uasset" 840
"../../../Engine/Content/EngineMaterials/NaniteHiddenSectionMaterial.uexp" 841
"../../../Engine/Content/EngineMaterials/InvalidLightmapSettings.ubulk" 842
"../../../Engine/Content/EngineMaterials/InvalidLightmapSettings.uasset" 843
"../../../Engine/Content/EngineMaterials/InvalidLightmapSettings.uexp" 844
"../../../Engine/Content/EngineMaterials/M_InvalidLightmapSettings.uasset" 845
"../../../Engine/Content/EngineMaterials/M_InvalidLightmapSettings.uexp" 846
"../../../Engine/Content/EngineMaterials/GizmoMaterial.uasset" 847
"../../../Engine/Content/EngineMaterials/GizmoMaterial.uexp" 848
"../../../Engine/Content/EngineMaterials/BaseFlattenEmissiveMap_VT.uasset" 849
"../../../Engine/Content/EngineMaterials/BaseFlattenEmissiveMap_VT.uexp" 850
"../../../Engine/Content/EngineMaterials/BaseFlattenGrayscaleMap_VT.uasset" 851
"../../../Engine/Content/EngineMaterials/BaseFlattenGrayscaleMap_VT.uexp" 852
"../../../Engine/Content/EngineMaterials/BaseFlattenLinearColor_VT.uasset" 853
"../../../Engine/Content/EngineMaterials/BaseFlattenLinearColor_VT.uexp" 854
"../../../Engine/Content/EngineMaterials/Black_1x1_EXR_Texture_VT.uasset" 855
"../../../Engine/Content/EngineMaterials/Black_1x1_EXR_Texture_VT.uexp" 856
"../../../Engine/Content/EngineMaterials/BaseFlattenDiffuseMap_VT.uasset" 857
"../../../Engine/Content/EngineMaterials/BaseFlattenDiffuseMap_VT.uexp" 858
"../../../Engine/Content/EngineMaterials/BaseFlattenNormalMap_VT.uasset" 859
"../../../Engine/Content/EngineMaterials/BaseFlattenNormalMap_VT.uexp" 860
"../../../Engine/Content/EngineMaterials/FlattenMaterial_WS_Normal_VT.uasset" 861
"../../../Engine/Content/EngineMaterials/FlattenMaterial_WS_Normal_VT.uexp" 862
"../../../Engine/Content/EngineMaterials/FlattenMaterial_VT.uasset" 863
"../../../Engine/Content/EngineMaterials/FlattenMaterial_VT.uexp" 864
"../../../Engine/Content/EngineMaterials/BaseFlattenNormalMap.uasset" 865
"../../../Engine/Content/EngineMaterials/BaseFlattenNormalMap.uexp" 866
"../../../Engine/Content/EngineMaterials/BaseFlattenGrayscaleMap.uasset" 867
"../../../Engine/Content/EngineMaterials/BaseFlattenGrayscaleMap.uexp" 868
"../../../Engine/Content/EngineMaterials/BaseFlattenDiffuseMap.uasset" 869
"../../../Engine/Content/EngineMaterials/BaseFlattenDiffuseMap.uexp" 870
"../../../Engine/Content/Functions/Engine_MaterialFunctions02/PivotPainter2/Black_1x1_EXR_Texture.uasset" 871
"../../../Engine/Content/Functions/Engine_MaterialFunctions02/PivotPainter2/Black_1x1_EXR_Texture.uexp" 872
"../../../Engine/Content/EngineMaterials/BaseFlattenEmissiveMap.uasset" 873
"../../../Engine/Content/EngineMaterials/BaseFlattenEmissiveMap.uexp" 874
"../../../Engine/Content/EngineMaterials/BaseFlattenLinearColor.uasset" 875
"../../../Engine/Content/EngineMaterials/BaseFlattenLinearColor.uexp" 876
"../../../Engine/Content/EngineMaterials/FlattenMaterial.uasset" 877
"../../../Engine/Content/EngineMaterials/FlattenMaterial.uexp" 878
"../../../Engine/Content/EngineMaterials/DefaultWhiteGrid_Low.uasset" 879
"../../../Engine/Content/EngineMaterials/DefaultWhiteGrid_Low.uexp" 880
"../../../Engine/Content/EngineMaterials/EmissiveMeshMaterial.uasset" 881
"../../../Engine/Content/EngineMaterials/EmissiveMeshMaterial.uexp" 882
"../../../Engine/Content/EngineFonts/RobotoDistanceField.uasset" 883
"../../../Engine/Content/EngineFonts/RobotoDistanceField.uexp" 884
"../../../Engine/Content/EngineMaterials/DefaultTextMaterialOpaque.uasset" 885
"../../../Engine/Content/EngineMaterials/DefaultTextMaterialOpaque.uexp" 886
"../../../Engine/Content/EngineMaterials/DefaultDiffuse.ubulk" 887
"../../../Engine/Content/EngineMaterials/DefaultDiffuse.uasset" 888
"../../../Engine/Content/EngineMaterials/DefaultDiffuse.uexp" 889
"../../../Engine/Content/EngineMaterials/DefaultPostProcessMaterial.uasset" 890
"../../../Engine/Content/EngineMaterials/DefaultPostProcessMaterial.uexp" 891
"../../../Engine/Content/EngineMaterials/DefaultPhysicalMaterial.uasset" 892
"../../../Engine/Content/EngineMaterials/DefaultPhysicalMaterial.uexp" 893
"../../../Engine/Content/EngineMaterials/DefaultLightFunctionMaterial.uasset" 894
"../../../Engine/Content/EngineMaterials/DefaultLightFunctionMaterial.uexp" 895
"../../../Engine/Content/EngineMaterials/DefaultDestructiblePhysicalMaterial.uasset" 896
"../../../Engine/Content/EngineMaterials/DefaultDestructiblePhysicalMaterial.uexp" 897
"../../../Engine/Content/EngineMaterials/DefaultDeferredDecalMaterial.uasset" 898
"../../../Engine/Content/EngineMaterials/DefaultDeferredDecalMaterial.uexp" 899
"../../../Engine/Content/EngineMaterials/DefaultBloomKernel.uasset" 900
"../../../Engine/Content/EngineMaterials/DefaultBloomKernel.uexp" 901
"../../../Engine/Content/EngineFonts/Faces/RobotoLight.uexp" 902
"../../../Engine/Content/EngineFonts/Faces/RobotoLight.uasset" 903
"../../../Engine/Content/EngineFonts/Faces/RobotoLight.ufont" 904
"../../../Engine/Content/EngineFonts/Faces/RobotoBold.uexp" 905
"../../../Engine/Content/EngineFonts/Faces/RobotoBold.uasset" 906
"../../../Engine/Content/EngineFonts/Faces/RobotoBold.ufont" 907
"../../../Engine/Content/EngineFonts/Faces/RobotoRegular.uexp" 908
"../../../Engine/Content/EngineFonts/Faces/RobotoRegular.uasset" 909
"../../../Engine/Content/EngineFonts/Faces/RobotoRegular.ufont" 910
"../../../Engine/Content/EngineFonts/Faces/DroidSansFallback.uexp" 911
"../../../Engine/Content/EngineFonts/Faces/DroidSansFallback.uasset" 912
"../../../Engine/Content/EngineFonts/Faces/DroidSansFallback.ufont" 913
"../../../Engine/Content/EngineFonts/Faces/RobotoItalic.uexp" 914
"../../../Engine/Content/EngineFonts/Faces/RobotoItalic.uasset" 915
"../../../Engine/Content/EngineFonts/Faces/RobotoItalic.ufont" 916
"../../../Engine/Content/EngineFonts/Faces/RobotoBoldItalic.uexp" 917
"../../../Engine/Content/EngineFonts/Faces/RobotoBoldItalic.uasset" 918
"../../../Engine/Content/EngineFonts/Faces/RobotoBoldItalic.ufont" 919
"../../../Engine/Content/EngineFonts/Roboto.uasset" 920
"../../../Engine/Content/EngineFonts/Roboto.uexp" 921
"../../../Engine/Content/EngineDebugMaterials/VolumeToRender.uasset" 922
"../../../Engine/Content/EngineDebugMaterials/VolumeToRender.uexp" 923
"../../../Engine/Content/EngineDebugMaterials/M_VolumeRenderSphereTracePP.uasset" 924
"../../../Engine/Content/EngineDebugMaterials/M_VolumeRenderSphereTracePP.uexp" 925
"../../../Engine/Content/EngineDebugMaterials/M_SimpleUnlitTranslucent.uasset" 926
"../../../Engine/Content/EngineDebugMaterials/M_SimpleUnlitTranslucent.uexp" 927
"../../../Engine/Content/EngineDebugMaterials/DebugMeshMaterial.uasset" 928
"../../../Engine/Content/EngineDebugMaterials/DebugMeshMaterial.uexp" 929
"../../../Engine/Content/EngineDebugMaterials/DebugEditorMaterial.uasset" 930
"../../../Engine/Content/EngineDebugMaterials/DebugEditorMaterial.uexp" 931
"../../../Engine/Content/EngineDamageTypes/DmgTypeBP_Environmental.uasset" 932
"../../../Engine/Content/EngineDamageTypes/DmgTypeBP_Environmental.uexp" 933
"../../../Engine/Content/EditorResources/S_Terrain.ubulk" 934
"../../../Engine/Content/EditorResources/S_Terrain.uasset" 935
"../../../Engine/Content/EditorResources/S_Terrain.uexp" 936
"../../../Engine/Content/EditorResources/EmptyActor.uasset" 937
"../../../Engine/Content/EditorResources/EmptyActor.uexp" 938
"../../../Engine/Content/EditorResources/BSPVertex.uasset" 939
"../../../Engine/Content/EditorResources/BSPVertex.uexp" 940
"../../../Engine/Content/EditorResources/SequenceRecorder/RecordingIndicator.uasset" 941
"../../../Engine/Content/EditorResources/SequenceRecorder/RecordingIndicator.uexp" 942
"../../../Engine/Content/EditorResources/SequenceRecorder/Countdown.uasset" 943
"../../../Engine/Content/EditorResources/SequenceRecorder/Countdown.uexp" 944
"../../../Engine/Content/EditorMaterials/PreviewShadowIndicator.ubulk" 945
"../../../Engine/Content/EditorMaterials/PreviewShadowIndicator.uasset" 946
"../../../Engine/Content/EditorMaterials/PreviewShadowIndicator.uexp" 947
"../../../Engine/Content/EditorMaterials/PreviewShadowIndicatorMaterial.uasset" 948
"../../../Engine/Content/EditorMaterials/PreviewShadowIndicatorMaterial.uexp" 949
"../../../Engine/Content/EditorMaterials/PhAT_UnselectedMaterial.uasset" 950
"../../../Engine/Content/EditorMaterials/PhAT_UnselectedMaterial.uexp" 951
"../../../Engine/Content/EditorMaterials/PhAT_NoCollisionMaterial.uasset" 952
"../../../Engine/Content/EditorMaterials/PhAT_NoCollisionMaterial.uexp" 953
"../../../Engine/Content/EditorMaterials/Dataflow/DataflowVertexMaterial.uasset" 954
"../../../Engine/Content/EditorMaterials/Dataflow/DataflowVertexMaterial.uexp" 955
"../../../Engine/Content/EditorLandscapeResources/DefaultAlphaTexture.uasset" 956
"../../../Engine/Content/EditorLandscapeResources/DefaultAlphaTexture.uexp" 957
"../../../Engine/Content/EditorLandscapeResources/DataLayer.uasset" 958
"../../../Engine/Content/EditorLandscapeResources/DataLayer.uexp" 959
"../../../Engine/Content/EngineMaterials/DefaultMaterial.uasset" 960
"../../../Engine/Content/EngineMaterials/DefaultMaterial.uexp" 961
"../../../Engine/Content/BasicShapes/Sphere.ubulk" 962
"../../../Engine/Content/BasicShapes/Sphere.uasset" 963
"../../../Engine/Content/BasicShapes/Sphere.uexp" 964
"../../../Engine/Content/BasicShapes/Plane.ubulk" 965
"../../../Engine/Content/BasicShapes/Plane.uasset" 966
"../../../Engine/Content/BasicShapes/Plane.uexp" 967
"../../../Engine/Content/BasicShapes/Cylinder.ubulk" 968
"../../../Engine/Content/BasicShapes/Cylinder.uasset" 969
"../../../Engine/Content/BasicShapes/Cylinder.uexp" 970
"../../../Engine/Content/BasicShapes/Cube.ubulk" 971
"../../../Engine/Content/BasicShapes/Cube.uasset" 972
"../../../Engine/Content/BasicShapes/Cube.uexp" 973
"../../../Engine/Content/BasicShapes/Cone.ubulk" 974
"../../../Engine/Content/BasicShapes/Cone.uasset" 975
"../../../Engine/Content/BasicShapes/Cone.uexp" 976
"../../../Engine/Content/BasicShapes/BasicShapeMaterial.uasset" 977
"../../../Engine/Content/BasicShapes/BasicShapeMaterial.uexp" 978
"../../../Engine/Content/EngineSky/T_Sky_Stars.ubulk" 979
"../../../Engine/Content/EngineSky/T_Sky_Stars.uasset" 980
"../../../Engine/Content/EngineSky/T_Sky_Stars.uexp" 981
"../../../Engine/Content/EngineSky/T_Sky_Clouds_M.ubulk" 982
"../../../Engine/Content/EngineSky/T_Sky_Clouds_M.uasset" 983
"../../../Engine/Content/EngineSky/T_Sky_Clouds_M.uexp" 984
"../../../Engine/Content/EngineSky/T_Sky_Blue.ubulk" 985
"../../../Engine/Content/EngineSky/T_Sky_Blue.uasset" 986
"../../../Engine/Content/EngineSky/T_Sky_Blue.uexp" 987
"../../../Engine/Content/EngineSky/M_Sky_Panning_Clouds2.uasset" 988
"../../../Engine/Content/EngineSky/M_Sky_Panning_Clouds2.uexp" 989
"../../../Engine/Content/EngineSky/SM_SkySphere.ubulk" 990
"../../../Engine/Content/EngineSky/SM_SkySphere.uasset" 991
"../../../Engine/Content/EngineSky/SM_SkySphere.uexp" 992
"../../../Engine/Content/EngineSky/M_SimpleSkyDome.uasset" 993
"../../../Engine/Content/EngineSky/M_SimpleSkyDome.uexp" 994
"../../../HelloIT_projekt/Content/LevelPrototyping/Meshes/SM_Cube.ubulk" 995
"../../../HelloIT_projekt/Content/LevelPrototyping/Meshes/SM_Cube.uasset" 996
"../../../HelloIT_projekt/Content/LevelPrototyping/Meshes/SM_Cube.uexp" 997
"../../../Engine/Plugins/Interchange/Runtime/Content/gltf/MaterialInstances/MI_Default_Opaque_DS.uasset" 998
"../../../Engine/Plugins/Interchange/Runtime/Content/gltf/MaterialInstances/MI_Default_Opaque_DS.uexp" 999
"../../../HelloIT_projekt/Content/Fab/Gothic_Street_Lamp/street_lamp_3_DefaultMaterial_BaseColor.ubulk" 1000
"../../../HelloIT_projekt/Content/Fab/Gothic_Street_Lamp/street_lamp_3_DefaultMaterial_BaseColor.uasset" 1001
"../../../HelloIT_projekt/Content/Fab/Gothic_Street_Lamp/street_lamp_3_DefaultMaterial_BaseColor.uexp" 1002
"../../../HelloIT_projekt/Content/Fab/Gothic_Street_Lamp/street_lamp_3_DefaultMaterial_Metallic-street_lamp_3_DefaultMaterial_Roughness.ubulk" 1003
"../../../HelloIT_projekt/Content/Fab/Gothic_Street_Lamp/street_lamp_3_DefaultMaterial_Metallic-street_lamp_3_DefaultMaterial_Roughness.uasset" 1004
"../../../HelloIT_projekt/Content/Fab/Gothic_Street_Lamp/street_lamp_3_DefaultMaterial_Metallic-street_lamp_3_DefaultMaterial_Roughness.uexp" 1005
"../../../HelloIT_projekt/Content/Fab/Gothic_Street_Lamp/street_lamp_3_DefaultMaterial_Normal.ubulk" 1006
"../../../HelloIT_projekt/Content/Fab/Gothic_Street_Lamp/street_lamp_3_DefaultMaterial_Normal.uasset" 1007
"../../../HelloIT_projekt/Content/Fab/Gothic_Street_Lamp/street_lamp_3_DefaultMaterial_Normal.uexp" 1008
"../../../HelloIT_projekt/Content/Fab/Gothic_Street_Lamp/street_lamp_3_DefaultMaterial_Emissive.ubulk" 1009
"../../../HelloIT_projekt/Content/Fab/Gothic_Street_Lamp/street_lamp_3_DefaultMaterial_Emissive.uasset" 1010
"../../../HelloIT_projekt/Content/Fab/Gothic_Street_Lamp/street_lamp_3_DefaultMaterial_Emissive.uexp" 1011
"../../../HelloIT_projekt/Content/Fab/Gothic_Street_Lamp/DefaultMaterial.uasset" 1012
"../../../HelloIT_projekt/Content/Fab/Gothic_Street_Lamp/DefaultMaterial.uexp" 1013
"../../../HelloIT_projekt/Content/Fab/Gothic_Street_Lamp/street_lamp_3.ubulk" 1014
"../../../HelloIT_projekt/Content/Fab/Gothic_Street_Lamp/street_lamp_3.uasset" 1015
"../../../HelloIT_projekt/Content/Fab/Gothic_Street_Lamp/street_lamp_3.uexp" 1016
"../../../HelloIT_projekt/Content/Fab/Gothic_Street_Lamp/Lampa_BP.uasset" 1017
"../../../HelloIT_projekt/Content/Fab/Gothic_Street_Lamp/Lampa_BP.uexp" 1018
"../../../Engine/Content/Functions/Engine_MaterialFunctions01/Shading/PowerToRoughness.uasset" 1019
"../../../Engine/Content/Functions/Engine_MaterialFunctions01/Shading/PowerToRoughness.uexp" 1020
"../../../Engine/Content/Functions/Engine_MaterialFunctions01/Shading/ConvertFromDiffSpec.uasset" 1021
"../../../Engine/Content/Functions/Engine_MaterialFunctions01/Shading/ConvertFromDiffSpec.uexp" 1022
"../../../Engine/Content/EngineMaterials/Substrate/Volume/SubstrateSimpleVolumeLUT3D.uasset" 1023
"../../../Engine/Content/EngineMaterials/Substrate/Volume/SubstrateSimpleVolumeLUT3D.uexp" 1024
"../../../Engine/Content/EngineMaterials/Substrate/Volume/SubstrateSimpleVolumeEnvLUT3D.uasset" 1025
"../../../Engine/Content/EngineMaterials/Substrate/Volume/SubstrateSimpleVolumeEnvLUT3D.uexp" 1026
"../../../Engine/Content/EngineMaterials/Substrate/GLints2/AGlintTex2dArray2.uasset" 1027
"../../../Engine/Content/EngineMaterials/Substrate/GLints2/AGlintTex2dArray2.uexp" 1028
"../../../Engine/Content/EngineMaterials/Substrate/GLints/AGlintTex2dArray.uasset" 1029
"../../../Engine/Content/EngineMaterials/Substrate/GLints/AGlintTex2dArray.uexp" 1030
"../../../HelloIT_projekt/Content/FirstPerson/Input/IMC_Default.uasset" 1031
"../../../HelloIT_projekt/Content/FirstPerson/Input/IMC_Default.uexp" 1032
"../../../HelloIT_projekt/Content/FirstPerson/Blueprints/BP_FirstPersonPlayerController.uasset" 1033
"../../../HelloIT_projekt/Content/FirstPerson/Blueprints/BP_FirstPersonPlayerController.uexp" 1034
"../../../HelloIT_projekt/Content/FirstPerson/Blueprints/BP_FirstPersonGameMode.uasset" 1035
"../../../HelloIT_projekt/Content/FirstPerson/Blueprints/BP_FirstPersonGameMode.uexp" 1036
"../../../HelloIT_projekt/Content/FirstPerson/Maps/FirstPersonMap.uexp" 1037
"../../../HelloIT_projekt/Content/FirstPerson/Maps/FirstPersonMap.umap" 1038
"../../../Engine/Content/Maps/Entry_BuiltData.uasset" 1039
"../../../Engine/Content/Maps/Entry_BuiltData.uexp" 1040
"../../../Engine/Content/Maps/Entry.uexp" 1041
"../../../Engine/Content/Maps/Entry.umap" 1042
